#
# There is insufficient memory for the Java Runtime Environment to continue.
# Native memory allocation (malloc) failed to allocate 2260896 bytes for Chunk::new
# Possible reasons:
#   The system is out of physical RAM or swap space
#   In 32 bit mode, the process size limit was hit
# Possible solutions:
#   Reduce memory load on the system
#   Increase physical memory or swap space
#   Check if swap backing store is full
#   Use 64 bit Java on a 64 bit OS
#   Decrease Java heap size (-Xmx/-Xms)
#   Decrease number of Java threads
#   Decrease Java thread stack sizes (-Xss)
#   Set larger code cache with -XX:ReservedCodeCacheSize=
# This output file may be truncated or incomplete.
#
#  Out of Memory Error (allocation.cpp:390), pid=4924, tid=16512
#
# JRE version: Java(TM) SE Runtime Environment (8.0_45-b14) (build 1.8.0_45-b14)
# Java VM: Java HotSpot(TM) 64-Bit Server VM (25.45-b02 mixed mode windows-amd64 compressed oops)
# Failed to write core dump. Minidumps are not enabled by default on client versions of Windows
#

---------------  T H R E A D  ---------------

Current thread (0x0000000017722800):  JavaThread "C2 CompilerThread1" daemon [_thread_in_native, id=16512, stack(0x0000000018d90000,0x0000000018e90000)]

Stack: [0x0000000018d90000,0x0000000018e90000]
Native frames: (J=compiled Java code, j=interpreted, Vv=VM code, C=native code)
V  [jvm.dll+0x32b57a]
V  [jvm.dll+0x279873]
V  [jvm.dll+0x27a509]
V  [jvm.dll+0x271825]
V  [jvm.dll+0xcb9e2]
V  [jvm.dll+0xcbeac]
V  [jvm.dll+0x476ef2]
V  [jvm.dll+0x4b955f]
V  [jvm.dll+0x46bf81]
V  [jvm.dll+0x46ccbe]
V  [jvm.dll+0x4500f2]
V  [jvm.dll+0xa4352]
V  [jvm.dll+0xa4c8f]
V  [jvm.dll+0x241984]
V  [jvm.dll+0x29853a]
C  [msvcr100.dll+0x21d9f]
C  [msvcr100.dll+0x21e3b]
C  [KERNEL32.DLL+0x8364]
C  [ntdll.dll+0x67091]


Current CompileTask:
C2:  40280 9852       4       com.android.dx.ssa.DeadCodeRemover::run (194 bytes)


---------------  P R O C E S S  ---------------

Java Threads: ( => current thread )
  0x000000001c80f800 JavaThread "pool-61-thread-4" [_thread_blocked, id=2772, stack(0x000000002bd80000,0x000000002be80000)]
  0x000000001c812000 JavaThread "pool-61-thread-3" [_thread_blocked, id=14160, stack(0x000000002bc80000,0x000000002bd80000)]
  0x000000001c812800 JavaThread "pool-61-thread-2" [_thread_blocked, id=4884, stack(0x000000002bb80000,0x000000002bc80000)]
  0x000000001c810800 JavaThread "pool-62-thread-1" [_thread_blocked, id=11928, stack(0x000000002ba80000,0x000000002bb80000)]
  0x000000001c808000 JavaThread "pool-61-thread-1" [_thread_blocked, id=4940, stack(0x000000002b980000,0x000000002ba80000)]
  0x000000001c80f000 JavaThread "pool-59-thread-4" [_thread_blocked, id=15552, stack(0x000000002b880000,0x000000002b980000)]
  0x000000001c809800 JavaThread "pool-59-thread-3" [_thread_blocked, id=12592, stack(0x000000002b780000,0x000000002b880000)]
  0x000000001c808800 JavaThread "pool-59-thread-2" [_thread_blocked, id=9808, stack(0x000000002b680000,0x000000002b780000)]
  0x000000001c80a800 JavaThread "pool-60-thread-1" [_thread_blocked, id=3652, stack(0x000000002b580000,0x000000002b680000)]
  0x000000001c80d800 JavaThread "pool-59-thread-1" [_thread_blocked, id=16164, stack(0x000000002b480000,0x000000002b580000)]
  0x000000001a868000 JavaThread "pool-2-thread-4" [_thread_blocked, id=6184, stack(0x0000000022580000,0x0000000022680000)]
  0x000000001a867000 JavaThread "pool-2-thread-3" [_thread_blocked, id=3108, stack(0x0000000022380000,0x0000000022480000)]
  0x000000001a864000 JavaThread "pool-2-thread-2" [_thread_blocked, id=16920, stack(0x0000000022280000,0x0000000022380000)]
  0x000000001a86a000 JavaThread "pool-2-thread-1" [_thread_blocked, id=9184, stack(0x0000000022180000,0x0000000022280000)]
  0x000000001a866800 JavaThread "pool-1-thread-4" [_thread_blocked, id=4224, stack(0x0000000022080000,0x0000000022180000)]
  0x000000001a869800 JavaThread "pool-1-thread-3" [_thread_blocked, id=17388, stack(0x0000000021f80000,0x0000000022080000)]
  0x000000001a868800 JavaThread "pool-1-thread-2" [_thread_blocked, id=12388, stack(0x0000000021bd0000,0x0000000021cd0000)]
  0x000000001cd44800 JavaThread "pool-1-thread-1" [_thread_blocked, id=15872, stack(0x000000001e7c0000,0x000000001e8c0000)]
  0x000000001ec87800 JavaThread "File lock request listener" [_thread_in_native, id=14428, stack(0x000000001bef0000,0x000000001bff0000)]
  0x000000001a24f000 JavaThread "Stdin handler" [_thread_blocked, id=15680, stack(0x000000001bbf0000,0x000000001bcf0000)]
  0x000000001a0ff000 JavaThread "Daemon worker" [_thread_blocked, id=6020, stack(0x000000001baf0000,0x000000001bbf0000)]
  0x000000001a251000 JavaThread "Cancel handler" [_thread_blocked, id=9616, stack(0x000000001b9f0000,0x000000001baf0000)]
  0x000000001a108800 JavaThread "Handler for socket connection from /127.0.0.1:51162 to /127.0.0.1:51163" [_thread_in_native, id=14628, stack(0x000000001b8f0000,0x000000001b9f0000)]
  0x000000001a0fd000 JavaThread "Daemon" [_thread_blocked, id=9832, stack(0x000000001b7f0000,0x000000001b8f0000)]
  0x000000001a61c000 JavaThread "Incoming local TCP Connector on port 51162" [_thread_in_native, id=7780, stack(0x0000000019d90000,0x0000000019e90000)]
  0x000000001777e000 JavaThread "Service Thread" daemon [_thread_blocked, id=2312, stack(0x0000000019390000,0x0000000019490000)]
  0x0000000017725800 JavaThread "C1 CompilerThread2" daemon [_thread_blocked, id=11192, stack(0x0000000018e90000,0x0000000018f90000)]
=>0x0000000017722800 JavaThread "C2 CompilerThread1" daemon [_thread_in_native, id=16512, stack(0x0000000018d90000,0x0000000018e90000)]
  0x000000001771f800 JavaThread "C2 CompilerThread0" daemon [_thread_in_native, id=4648, stack(0x0000000018c90000,0x0000000018d90000)]
  0x000000001771e000 JavaThread "Attach Listener" daemon [_thread_blocked, id=14424, stack(0x0000000018b90000,0x0000000018c90000)]
  0x000000001771d000 JavaThread "Signal Dispatcher" daemon [_thread_blocked, id=3696, stack(0x0000000018a90000,0x0000000018b90000)]
  0x0000000002af8800 JavaThread "Finalizer" daemon [_thread_blocked, id=3400, stack(0x0000000018990000,0x0000000018a90000)]
  0x0000000002af0000 JavaThread "Reference Handler" daemon [_thread_blocked, id=13600, stack(0x0000000018890000,0x0000000018990000)]
  0x0000000002a02800 JavaThread "main" [_thread_blocked, id=17436, stack(0x0000000002900000,0x0000000002a00000)]

Other Threads:
  0x00000000176e8000 VMThread [stack: 0x0000000018790000,0x0000000018890000] [id=15508]
  0x0000000018fcd000 WatcherThread [stack: 0x0000000019490000,0x0000000019590000] [id=6032]

VM state:at safepoint (normal execution)

VM Mutex/Monitor currently owned by a thread:  ([mutex/lock_event])
[0x000000000109e420] Threads_lock - owner thread: 0x00000000176e8000
[0x000000000109e5a0] Heap_lock - owner thread: 0x000000001c808800

Heap:
 PSYoungGen      total 314880K, used 261632K [0x00000000d5580000, 0x00000000ec600000, 0x0000000100000000)
  eden space 261632K, 100% used [0x00000000d5580000,0x00000000e5500000,0x00000000e5500000)
  from space 53248K, 0% used [0x00000000e5500000,0x00000000e5500000,0x00000000e8900000)
  to   space 48640K, 0% used [0x00000000e8900000,0x00000000e8900000,0x00000000eb880000)
 ParOldGen       total 109568K, used 98300K [0x0000000080000000, 0x0000000086b00000, 0x00000000d5580000)
  object space 109568K, 89% used [0x0000000080000000,0x0000000085fff2c0,0x0000000086b00000)
 Metaspace       used 48671K, capacity 49586K, committed 49792K, reserved 1091584K
  class space    used 6463K, capacity 6694K, committed 6784K, reserved 1048576K

Card table byte_map: [0x0000000011ec0000,0x00000000122d0000] byte_map_base: 0x0000000011ac0000

Marking Bits: (ParMarkBitMap*) 0x0000000067854040
 Begin Bits: [0x0000000012980000, 0x0000000014980000)
 End Bits:   [0x0000000014980000, 0x0000000016980000)

Polling page: 0x0000000001080000

CodeCache: size=245760Kb used=28384Kb max_used=28443Kb free=217375Kb
 bounds [0x0000000002b00000, 0x0000000004700000, 0x0000000011b00000]
 total_blobs=8669 nmethods=7964 adapters=616
 compilation: enabled

Compilation events (10 events):
Event: 40.064 Thread 0x0000000017725800 9883       2       com.android.dx.cf.code.BytecodeArray$ConstantParserVisitor::clear (6 bytes)
Event: 40.064 Thread 0x0000000017725800 nmethod 9883 0x0000000004553750 code [0x00000000045538a0, 0x00000000045539f0]
Event: 40.074 Thread 0x0000000017725800 9884       2       java.util.concurrent.ConcurrentHashMap$TreeBin::<init> (259 bytes)
Event: 40.076 Thread 0x0000000017725800 nmethod 9884 0x000000000453e810 code [0x000000000453e9c0, 0x000000000453efb8]
Event: 40.090 Thread 0x0000000017725800 9886       2       com.android.dx.dex.file.AnnotationUtils::makeMemberClasses (40 bytes)
Event: 40.091 Thread 0x0000000017725800 nmethod 9886 0x0000000003592790 code [0x0000000003592940, 0x0000000003592ca8]
Event: 40.120 Thread 0x0000000017725800 9887       2       com.android.dx.util.ByteArray::getLong (104 bytes)
Event: 40.120 Thread 0x0000000017725800 nmethod 9887 0x00000000033c6610 code [0x00000000033c6780, 0x00000000033c6ac8]
Event: 40.197 Thread 0x0000000017725800 9889       2       com.android.dx.dex.code.form.Form12x::compatibleRegs (159 bytes)
Event: 40.199 Thread 0x0000000017725800 nmethod 9889 0x00000000041c83d0 code [0x00000000041c8620, 0x00000000041c8c68]

GC Heap History (10 events):
Event: 32.523 GC heap before
{Heap before GC invocations=19 (full 3):
 PSYoungGen      total 314880K, used 261632K [0x00000000d5580000, 0x00000000ec600000, 0x0000000100000000)
  eden space 261632K, 100% used [0x00000000d5580000,0x00000000e5500000,0x00000000e5500000)
  from space 53248K, 0% used [0x00000000e5500000,0x00000000e5500000,0x00000000e8900000)
  to   space 48640K, 0% used [0x00000000e8900000,0x00000000e8900000,0x00000000eb880000)
 ParOldGen       total 109568K, used 65926K [0x0000000080000000, 0x0000000086b00000, 0x00000000d5580000)
  object space 109568K, 60% used [0x0000000080000000,0x0000000084061ad0,0x0000000086b00000)
 Metaspace       used 48621K, capacity 49522K, committed 49792K, reserved 1091584K
  class space    used 6462K, capacity 6694K, committed 6784K, reserved 1048576K
Event: 32.576 GC heap after
Heap after GC invocations=19 (full 3):
 PSYoungGen      total 310272K, used 19966K [0x00000000d5580000, 0x00000000ec600000, 0x0000000100000000)
  eden space 261632K, 0% used [0x00000000d5580000,0x00000000d5580000,0x00000000e5500000)
  from space 48640K, 41% used [0x00000000e8900000,0x00000000e9c7f8f8,0x00000000eb880000)
  to   space 53248K, 0% used [0x00000000e5500000,0x00000000e5500000,0x00000000e8900000)
 ParOldGen       total 109568K, used 65926K [0x0000000080000000, 0x0000000086b00000, 0x00000000d5580000)
  object space 109568K, 60% used [0x0000000080000000,0x0000000084061ad0,0x0000000086b00000)
 Metaspace       used 48621K, capacity 49522K, committed 49792K, reserved 1091584K
  class space    used 6462K, capacity 6694K, committed 6784K, reserved 1048576K
}
Event: 34.535 GC heap before
{Heap before GC invocations=20 (full 3):
 PSYoungGen      total 310272K, used 281598K [0x00000000d5580000, 0x00000000ec600000, 0x0000000100000000)
  eden space 261632K, 100% used [0x00000000d5580000,0x00000000e5500000,0x00000000e5500000)
  from space 48640K, 41% used [0x00000000e8900000,0x00000000e9c7f8f8,0x00000000eb880000)
  to   space 53248K, 0% used [0x00000000e5500000,0x00000000e5500000,0x00000000e8900000)
 ParOldGen       total 109568K, used 65926K [0x0000000080000000, 0x0000000086b00000, 0x00000000d5580000)
  object space 109568K, 60% used [0x0000000080000000,0x0000000084061ad0,0x0000000086b00000)
 Metaspace       used 48646K, capacity 49586K, committed 49792K, reserved 1091584K
  class space    used 6462K, capacity 6694K, committed 6784K, reserved 1048576K
Event: 34.644 GC heap after
Heap after GC invocations=20 (full 3):
 PSYoungGen      total 314880K, used 33126K [0x00000000d5580000, 0x00000000ec600000, 0x0000000100000000)
  eden space 261632K, 0% used [0x00000000d5580000,0x00000000d5580000,0x00000000e5500000)
  from space 53248K, 62% used [0x00000000e5500000,0x00000000e7559ba8,0x00000000e8900000)
  to   space 48640K, 0% used [0x00000000e8900000,0x00000000e8900000,0x00000000eb880000)
 ParOldGen       total 109568K, used 77318K [0x0000000080000000, 0x0000000086b00000, 0x00000000d5580000)
  object space 109568K, 70% used [0x0000000080000000,0x0000000084b81ac0,0x0000000086b00000)
 Metaspace       used 48646K, capacity 49586K, committed 49792K, reserved 1091584K
  class space    used 6462K, capacity 6694K, committed 6784K, reserved 1048576K
}
Event: 36.535 GC heap before
{Heap before GC invocations=21 (full 3):
 PSYoungGen      total 314880K, used 294758K [0x00000000d5580000, 0x00000000ec600000, 0x0000000100000000)
  eden space 261632K, 100% used [0x00000000d5580000,0x00000000e5500000,0x00000000e5500000)
  from space 53248K, 62% used [0x00000000e5500000,0x00000000e7559ba8,0x00000000e8900000)
  to   space 48640K, 0% used [0x00000000e8900000,0x00000000e8900000,0x00000000eb880000)
 ParOldGen       total 109568K, used 77318K [0x0000000080000000, 0x0000000086b00000, 0x00000000d5580000)
  object space 109568K, 70% used [0x0000000080000000,0x0000000084b81ac0,0x0000000086b00000)
 Metaspace       used 48659K, capacity 49586K, committed 49792K, reserved 1091584K
  class space    used 6462K, capacity 6694K, committed 6784K, reserved 1048576K
Event: 36.592 GC heap after
Heap after GC invocations=21 (full 3):
 PSYoungGen      total 310272K, used 16149K [0x00000000d5580000, 0x00000000ec600000, 0x0000000100000000)
  eden space 261632K, 0% used [0x00000000d5580000,0x00000000d5580000,0x00000000e5500000)
  from space 48640K, 33% used [0x00000000e8900000,0x00000000e98c5548,0x00000000eb880000)
  to   space 53248K, 0% used [0x00000000e5500000,0x00000000e5500000,0x00000000e8900000)
 ParOldGen       total 109568K, used 81404K [0x0000000080000000, 0x0000000086b00000, 0x00000000d5580000)
  object space 109568K, 74% used [0x0000000080000000,0x0000000084f7f350,0x0000000086b00000)
 Metaspace       used 48659K, capacity 49586K, committed 49792K, reserved 1091584K
  class space    used 6462K, capacity 6694K, committed 6784K, reserved 1048576K
}
Event: 38.252 GC heap before
{Heap before GC invocations=22 (full 3):
 PSYoungGen      total 310272K, used 277781K [0x00000000d5580000, 0x00000000ec600000, 0x0000000100000000)
  eden space 261632K, 100% used [0x00000000d5580000,0x00000000e5500000,0x00000000e5500000)
  from space 48640K, 33% used [0x00000000e8900000,0x00000000e98c5548,0x00000000eb880000)
  to   space 53248K, 0% used [0x00000000e5500000,0x00000000e5500000,0x00000000e8900000)
 ParOldGen       total 109568K, used 81404K [0x0000000080000000, 0x0000000086b00000, 0x00000000d5580000)
  object space 109568K, 74% used [0x0000000080000000,0x0000000084f7f350,0x0000000086b00000)
 Metaspace       used 48662K, capacity 49586K, committed 49792K, reserved 1091584K
  class space    used 6462K, capacity 6694K, committed 6784K, reserved 1048576K
Event: 38.339 GC heap after
Heap after GC invocations=22 (full 3):
 PSYoungGen      total 314880K, used 29148K [0x00000000d5580000, 0x00000000ec600000, 0x0000000100000000)
  eden space 261632K, 0% used [0x00000000d5580000,0x00000000d5580000,0x00000000e5500000)
  from space 53248K, 54% used [0x00000000e5500000,0x00000000e7177018,0x00000000e8900000)
  to   space 48640K, 0% used [0x00000000e8900000,0x00000000e8900000,0x00000000eb880000)
 ParOldGen       total 109568K, used 89557K [0x0000000080000000, 0x0000000086b00000, 0x00000000d5580000)
  object space 109568K, 81% used [0x0000000080000000,0x00000000857754f0,0x0000000086b00000)
 Metaspace       used 48662K, capacity 49586K, committed 49792K, reserved 1091584K
  class space    used 6462K, capacity 6694K, committed 6784K, reserved 1048576K
}
Event: 38.339 GC heap before
{Heap before GC invocations=23 (full 4):
 PSYoungGen      total 314880K, used 29148K [0x00000000d5580000, 0x00000000ec600000, 0x0000000100000000)
  eden space 261632K, 0% used [0x00000000d5580000,0x00000000d5580000,0x00000000e5500000)
  from space 53248K, 54% used [0x00000000e5500000,0x00000000e7177018,0x00000000e8900000)
  to   space 48640K, 0% used [0x00000000e8900000,0x00000000e8900000,0x00000000eb880000)
 ParOldGen       total 109568K, used 89557K [0x0000000080000000, 0x0000000086b00000, 0x00000000d5580000)
  object space 109568K, 81% used [0x0000000080000000,0x00000000857754f0,0x0000000086b00000)
 Metaspace       used 48662K, capacity 49586K, committed 49792K, reserved 1091584K
  class space    used 6462K, capacity 6694K, committed 6784K, reserved 1048576K
Event: 38.957 GC heap after
Heap after GC invocations=23 (full 4):
 PSYoungGen      total 314880K, used 0K [0x00000000d5580000, 0x00000000ec600000, 0x0000000100000000)
  eden space 261632K, 0% used [0x00000000d5580000,0x00000000d5580000,0x00000000e5500000)
  from space 53248K, 0% used [0x00000000e5500000,0x00000000e5500000,0x00000000e8900000)
  to   space 48640K, 0% used [0x00000000e8900000,0x00000000e8900000,0x00000000eb880000)
 ParOldGen       total 109568K, used 98300K [0x0000000080000000, 0x0000000086b00000, 0x00000000d5580000)
  object space 109568K, 89% used [0x0000000080000000,0x0000000085fff2c0,0x0000000086b00000)
 Metaspace       used 48662K, capacity 49586K, committed 49792K, reserved 1091584K
  class space    used 6462K, capacity 6694K, committed 6784K, reserved 1048576K
}

Deoptimization events (10 events):
Event: 37.161 Thread 0x000000001a864000 Uncommon trap: reason=unstable_if action=reinterpret pc=0x00000000046454f8 method=com.android.dx.ssa.SsaMethod.blockIndexToRopLabel(I)I @ 1
Event: 37.390 Thread 0x000000001c80c000 Uncommon trap: reason=unstable_if action=reinterpret pc=0x00000000041651e8 method=com.android.dx.cf.code.Merger.mergeType(Lcom/android/dx/rop/type/TypeBearer;Lcom/android/dx/rop/type/TypeBearer;)Lcom/android/dx/rop/type/TypeBearer; @ 52
Event: 37.980 Thread 0x000000001c814000 Uncommon trap: reason=unstable_if action=reinterpret pc=0x0000000004694278 method=com.android.dx.dex.code.RopTranslator.outputBlock(Lcom/android/dx/rop/code/BasicBlock;I)V @ 140
Event: 38.050 Thread 0x000000001a867000 Uncommon trap: reason=unstable_if action=reinterpret pc=0x000000000468fd98 method=com.android.dx.dex.code.LocalList$MakeState.finish()Lcom/android/dx/dex/code/LocalList; @ 23
Event: 38.143 Thread 0x000000001a867000 Uncommon trap: reason=unstable_if action=reinterpret pc=0x000000000469dad4 method=java.util.BitSet.set(IZ)V @ 1
Event: 39.060 Thread 0x000000001c812000 Uncommon trap: reason=unstable_if action=reinterpret pc=0x00000000042b8ad0 method=java.util.concurrent.ConcurrentHashMap.get(Ljava/lang/Object;)Ljava/lang/Object; @ 86
Event: 39.080 Thread 0x000000001c80c800 Uncommon trap: reason=class_check action=maybe_recompile pc=0x000000000463026c method=com.android.dx.cf.code.RopperMachine.run(Lcom/android/dx/cf/code/Frame;II)V @ 1024
Event: 39.106 Thread 0x000000001c814000 Uncommon trap: reason=class_check action=maybe_recompile pc=0x000000000463026c method=com.android.dx.cf.code.RopperMachine.run(Lcom/android/dx/cf/code/Frame;II)V @ 1024
Event: 39.106 Thread 0x000000001c814000 Uncommon trap: reason=class_check action=maybe_recompile pc=0x000000000463026c method=com.android.dx.cf.code.RopperMachine.run(Lcom/android/dx/cf/code/Frame;II)V @ 1024
Event: 39.540 Thread 0x000000001c812000 Uncommon trap: reason=unstable_if action=reinterpret pc=0x0000000003690524 method=java.util.HashMap.getNode(ILjava/lang/Object;)Ljava/util/HashMap$Node; @ 84

Internal exceptions (10 events):
Event: 17.965 Thread 0x000000001a0ff000 Exception <a 'java/lang/ClassNotFoundException': java/lang/IntegerBeanInfo> (0x00000000dabd6f40) thrown at [C:\re\workspace\8-2-build-windows-amd64-cygwin\jdk8u45\3457\hotspot\src\share\vm\classfile\systemDictionary.cpp, line 210]
Event: 17.966 Thread 0x000000001a0ff000 Exception <a 'java/lang/ClassNotFoundException': java/lang/NumberBeanInfo> (0x00000000dabdbef8) thrown at [C:\re\workspace\8-2-build-windows-amd64-cygwin\jdk8u45\3457\hotspot\src\share\vm\classfile\systemDictionary.cpp, line 210]
Event: 17.966 Thread 0x000000001a0ff000 Exception <a 'java/lang/ClassNotFoundException': java/lang/NumberCustomizer> (0x00000000dabe0ed0) thrown at [C:\re\workspace\8-2-build-windows-amd64-cygwin\jdk8u45\3457\hotspot\src\share\vm\classfile\systemDictionary.cpp, line 210]
Event: 17.967 Thread 0x000000001a0ff000 Exception <a 'java/lang/ClassNotFoundException': java/lang/IntegerCustomizer> (0x00000000dabe97c0) thrown at [C:\re\workspace\8-2-build-windows-amd64-cygwin\jdk8u45\3457\hotspot\src\share\vm\classfile\systemDictionary.cpp, line 210]
Event: 17.977 Thread 0x000000001a0ff000 Exception <a 'java/lang/ClassNotFoundException': com/google/common/collect/ListsBeanInfo> (0x00000000dac49be8) thrown at [C:\re\workspace\8-2-build-windows-amd64-cygwin\jdk8u45\3457\hotspot\src\share\vm\classfile\systemDictionary.cpp, line 210]
Event: 17.978 Thread 0x000000001a0ff000 Exception <a 'java/lang/ClassNotFoundException': com/google/common/collect/ListsCustomizer> (0x00000000dac56b58) thrown at [C:\re\workspace\8-2-build-windows-amd64-cygwin\jdk8u45\3457\hotspot\src\share\vm\classfile\systemDictionary.cpp, line 210]
Event: 22.950 Thread 0x000000001a868000 Implicit null exception at 0x00000000037e4389 to 0x00000000037e4fd1
Event: 26.951 Thread 0x000000001d366000 Implicit null exception at 0x00000000044be078 to 0x00000000044be989
Event: 26.988 Thread 0x000000001d366800 Implicit null exception at 0x00000000044be078 to 0x00000000044be989
Event: 31.139 Thread 0x000000001d368000 Implicit null exception at 0x00000000034c5a38 to 0x00000000034c67c1

Events (10 events):
Event: 40.013 Thread 0x000000001c810800 Thread added: 0x000000001c810800
Event: 40.014 Thread 0x000000001c812800 Thread added: 0x000000001c812800
Event: 40.014 Thread 0x000000001c812000 Thread added: 0x000000001c812000
Event: 40.015 Thread 0x000000001c80f800 Thread added: 0x000000001c80f800
Event: 40.034 Thread 0x0000000017725800 flushing nmethod 0x00000000033c62d0
Event: 40.035 Thread 0x000000001a864000 DEOPT PACKING pc=0x00000000044abb36 sp=0x000000002237e370
Event: 40.035 Thread 0x000000001a864000 DEOPT UNPACKING pc=0x0000000002b4787f sp=0x000000002237e148 mode 0
Event: 40.076 Thread 0x0000000017725800 flushing nmethod 0x0000000003592650
Event: 40.092 Thread 0x0000000017725800 flushing nmethod 0x00000000037be790
Event: 40.246 Executing VM operation: ParallelGCFailedAllocation


Dynamic libraries:
0x00007ff672410000 - 0x00007ff672447000 	C:\Program Files\Java\jdk1.8.0_45\bin\java.exe
0x00007fffd4df0000 - 0x00007fffd4fc2000 	C:\WINDOWS\SYSTEM32\ntdll.dll
0x00007fffd2620000 - 0x00007fffd26cc000 	C:\WINDOWS\System32\KERNEL32.DLL
0x00007fffd1580000 - 0x00007fffd179d000 	C:\WINDOWS\System32\KERNELBASE.dll
0x00007fffd3830000 - 0x00007fffd38d2000 	C:\WINDOWS\System32\ADVAPI32.dll
0x00007fffd36e0000 - 0x00007fffd377e000 	C:\WINDOWS\System32\msvcrt.dll
0x00007fffd2380000 - 0x00007fffd23d9000 	C:\WINDOWS\System32\sechost.dll
0x00007fffd2dd0000 - 0x00007fffd2ef1000 	C:\WINDOWS\System32\RPCRT4.dll
0x00007fffd32a0000 - 0x00007fffd3405000 	C:\WINDOWS\System32\USER32.dll
0x00007fffd12f0000 - 0x00007fffd130e000 	C:\WINDOWS\System32\win32u.dll
0x00007fffd3790000 - 0x00007fffd37c4000 	C:\WINDOWS\System32\GDI32.dll
0x00007fffd2150000 - 0x00007fffd22d0000 	C:\WINDOWS\System32\gdi32full.dll
0x00007fffc6610000 - 0x00007fffc688a000 	C:\WINDOWS\WinSxS\amd64_microsoft.windows.common-controls_6595b64144ccf1df_6.0.14393.953_none_42151e83c686086b\COMCTL32.dll
0x00007fffd3410000 - 0x00007fffd36d8000 	C:\WINDOWS\System32\combase.dll
0x00007fffd2050000 - 0x00007fffd2145000 	C:\WINDOWS\System32\ucrtbase.dll
0x00007fffd17a0000 - 0x00007fffd180a000 	C:\WINDOWS\System32\bcryptPrimitives.dll
0x00007fffd3060000 - 0x00007fffd308e000 	C:\WINDOWS\System32\IMM32.DLL
0x00000000678e0000 - 0x00000000679b2000 	C:\Program Files\Java\jdk1.8.0_45\jre\bin\msvcr100.dll
0x0000000067050000 - 0x00000000678d3000 	C:\Program Files\Java\jdk1.8.0_45\jre\bin\server\jvm.dll
0x00007fffd3290000 - 0x00007fffd3298000 	C:\WINDOWS\System32\PSAPI.DLL
0x00007fffc2e60000 - 0x00007fffc2e69000 	C:\WINDOWS\SYSTEM32\WSOCK32.dll
0x00007fffd2d50000 - 0x00007fffd2dba000 	C:\WINDOWS\System32\WS2_32.dll
0x00007fffcf6f0000 - 0x00007fffcf713000 	C:\WINDOWS\SYSTEM32\WINMM.dll
0x00007fffc3870000 - 0x00007fffc387a000 	C:\WINDOWS\SYSTEM32\VERSION.dll
0x00000000027e0000 - 0x000000000280b000 	C:\WINDOWS\SYSTEM32\WINMMBASE.dll
0x00007fffd22d0000 - 0x00007fffd2312000 	C:\WINDOWS\System32\cfgmgr32.dll
0x0000000067040000 - 0x000000006704f000 	C:\Program Files\Java\jdk1.8.0_45\jre\bin\verify.dll
0x0000000067010000 - 0x0000000067039000 	C:\Program Files\Java\jdk1.8.0_45\jre\bin\java.dll
0x0000000066ff0000 - 0x0000000067006000 	C:\Program Files\Java\jdk1.8.0_45\jre\bin\zip.dll
0x00007fffd38e0000 - 0x00007fffd4de8000 	C:\WINDOWS\System32\SHELL32.dll
0x00007fffd18c0000 - 0x00007fffd1f9a000 	C:\WINDOWS\System32\windows.storage.dll
0x00007fffd1280000 - 0x00007fffd12cc000 	C:\WINDOWS\System32\powrprof.dll
0x00007fffd3090000 - 0x00007fffd30e2000 	C:\WINDOWS\System32\shlwapi.dll
0x00007fffd12d0000 - 0x00007fffd12df000 	C:\WINDOWS\System32\kernel.appcore.dll
0x00007fffd1810000 - 0x00007fffd18b9000 	C:\WINDOWS\System32\shcore.dll
0x00007fffd1260000 - 0x00007fffd1274000 	C:\WINDOWS\System32\profapi.dll
0x0000000066fd0000 - 0x0000000066fea000 	C:\Program Files\Java\jdk1.8.0_45\jre\bin\net.dll
0x00007fffd0b90000 - 0x00007fffd0bec000 	C:\WINDOWS\system32\mswsock.dll
0x0000000066fb0000 - 0x0000000066fc1000 	C:\Program Files\Java\jdk1.8.0_45\jre\bin\nio.dll
0x00007fffb4c70000 - 0x00007fffb4c82000 	C:\Users\Thomas\.gradle\native\19\windows-amd64\native-platform.dll
0x00007fffd0910000 - 0x00007fffd0948000 	C:\WINDOWS\SYSTEM32\IPHLPAPI.DLL
0x00007fffd3780000 - 0x00007fffd3788000 	C:\WINDOWS\System32\NSI.dll
0x00007fffcaa10000 - 0x00007fffcaa26000 	C:\WINDOWS\SYSTEM32\dhcpcsvc6.DLL
0x00007fffca9f0000 - 0x00007fffcaa0a000 	C:\WINDOWS\SYSTEM32\dhcpcsvc.DLL
0x00007fffd0d30000 - 0x00007fffd0d47000 	C:\WINDOWS\SYSTEM32\CRYPTSP.dll
0x00007fffd0730000 - 0x00007fffd0763000 	C:\WINDOWS\system32\rsaenh.dll
0x00007fffd11a0000 - 0x00007fffd11cb000 	C:\WINDOWS\SYSTEM32\bcrypt.dll
0x00007fffd0a10000 - 0x00007fffd0a2f000 	C:\WINDOWS\SYSTEM32\USERENV.dll
0x00007fffd0d50000 - 0x00007fffd0d5b000 	C:\WINDOWS\SYSTEM32\CRYPTBASE.dll
0x0000000066fa0000 - 0x0000000066fad000 	C:\Program Files\Java\jdk1.8.0_45\jre\bin\management.dll
0x00007fffcc850000 - 0x00007fffcc9e2000 	C:\WINDOWS\SYSTEM32\dbghelp.dll

VM Arguments:
jvm_args: -XX:MaxPermSize=512m -XX:+HeapDumpOnOutOfMemoryError -Xmx2048m -Dfile.encoding=UTF-8 -Duser.country=US -Duser.language=en -Duser.variant 
java_command: org.gradle.launcher.daemon.bootstrap.GradleDaemon 2.10
java_class_path (initial): C:\Users\Thomas\.gradle\wrapper\dists\gradle-2.10-all\a4w5fzrkeut1ox71xslb49gst\gradle-2.10\lib\gradle-launcher-2.10.jar
Launcher Type: SUN_STANDARD

Environment Variables:
JAVA_HOME=C:\Program Files\Java\jdk1.8.0_111
JRE_HOME=C:\Program Files\Java\jre1.8.0_111
CLASSPATH=C:\Users\Thomas\Desktop\CSE 132B\apache-tomcat-8.5.14\lib\postgresql-42.1.1.jar;C:\Program Files\Java\jdk1.8.0_111\bin;C:\Program Files\Java\jre1.8.0_111\bin;C:\Users\Thomas\Desktop\CSE 132B\apache-tomcat-8.5.14\lib
PATH=C:\Program Files\Docker\Docker\Resources\bin;C:\ProgramData\Oracle\Java\javapath;C:\WINDOWS\system32;C:\WINDOWS;C:\WINDOWS\System32\Wbem;C:\WINDOWS\System32\WindowsPowerShell\v1.0\;C:\Program Files (x86)\Brackets\command;C:\ProgramData\chocolatey\bin;C:\tools\python2;C:\php;C:\Apache24;C:\Apache24\bin;C:\Program Files (x86)\GNU\GnuPG\pub;C:\Program Files\nodejs\;C:\Program Files\Git\cmd;c:\Program Files (x86)\Microsoft SQL Server\110\Tools\Binn\;c:\Program Files\Microsoft SQL Server\110\Tools\Binn\;c:\Program Files\Microsoft SQL Server\110\DTS\Binn\;C:\Program Files\PuTTY\;C:\Users\Thomas\Miniconda3;C:\Users\Thomas\Miniconda3\Scripts;C:\Users\Thomas\Miniconda3\Library\bin;C:\Program Files\Java\jre1.8.0_111\bin\javacpl.exe;C:\Users\Thomas\AppData\Roaming\npm;C:\Program Files (x86)\Brackets;C:\tools\python2;C:\Users\Thomas\AppData\Local\Programs\Thonny\thonny.exe;C:\Program Files\Java\jdk1.8.0_111\bin
USERNAME=Thomas
OS=Windows_NT
PROCESSOR_IDENTIFIER=Intel64 Family 6 Model 69 Stepping 1, GenuineIntel



---------------  S Y S T E M  ---------------

OS: Windows 10.0 , 64 bit Build 14393 (10.0.14393.1198)

CPU:total 4 (2 cores per cpu, 2 threads per core) family 6 model 69 stepping 1, cmov, cx8, fxsr, mmx, sse, sse2, sse3, ssse3, sse4.1, sse4.2, popcnt, avx, avx2, aes, clmul, erms, lzcnt, ht, tsc, tscinvbit, bmi1, bmi2

Memory: 4k page, physical 8291400k(607544k free), swap 15017616k(4716k free)

vm_info: Java HotSpot(TM) 64-Bit Server VM (25.45-b02) for windows-amd64 JRE (1.8.0_45-b14), built on Apr 10 2015 10:34:15 by "java_re" with MS VC++ 10.0 (VS2010)

time: Wed Aug 30 15:49:01 2017
elapsed time: 40 seconds (0d 0h 0m 40s)

