#
# There is insufficient memory for the Java Runtime Environment to continue.
# Native memory allocation (malloc) failed to allocate 32784 bytes for Chunk::new
# Possible reasons:
#   The system is out of physical RAM or swap space
#   In 32 bit mode, the process size limit was hit
# Possible solutions:
#   Reduce memory load on the system
#   Increase physical memory or swap space
#   Check if swap backing store is full
#   Use 64 bit Java on a 64 bit OS
#   Decrease Java heap size (-Xmx/-Xms)
#   Decrease number of Java threads
#   Decrease Java thread stack sizes (-Xss)
#   Set larger code cache with -XX:ReservedCodeCacheSize=
# This output file may be truncated or incomplete.
#
#  Out of Memory Error (allocation.cpp:390), pid=16996, tid=1268
#
# JRE version: Java(TM) SE Runtime Environment (8.0_45-b14) (build 1.8.0_45-b14)
# Java VM: Java HotSpot(TM) 64-Bit Server VM (25.45-b02 mixed mode windows-amd64 compressed oops)
# Failed to write core dump. Minidumps are not enabled by default on client versions of Windows
#

---------------  T H R E A D  ---------------

Current thread (0x00000000153ad000):  JavaThread "C2 CompilerThread0" daemon [_thread_in_native, id=1268, stack(0x0000000016a00000,0x0000000016b00000)]

Stack: [0x0000000016a00000,0x0000000016b00000]
Native frames: (J=compiled Java code, j=interpreted, Vv=VM code, C=native code)
V  [jvm.dll+0x32b57a]
V  [jvm.dll+0x279873]
V  [jvm.dll+0x27a509]
V  [jvm.dll+0x271825]
V  [jvm.dll+0xcb9e2]
V  [jvm.dll+0xcbeac]
V  [jvm.dll+0xcc204]
V  [jvm.dll+0x4ea280]
V  [jvm.dll+0x4b5e7a]
V  [jvm.dll+0x4b6123]
V  [jvm.dll+0x4b79a9]
V  [jvm.dll+0x4b988f]
V  [jvm.dll+0x46bf81]
V  [jvm.dll+0x46ccbe]
V  [jvm.dll+0x4500f2]
V  [jvm.dll+0xa4352]
V  [jvm.dll+0xa4c8f]
V  [jvm.dll+0x241984]
V  [jvm.dll+0x29853a]
C  [msvcr100.dll+0x21d9f]
C  [msvcr100.dll+0x21e3b]
C  [KERNEL32.DLL+0x8364]
C  [ntdll.dll+0x67091]


Current CompileTask:
C2:   3387 1455       4       com.android.dx.ssa.SCCP::simulateBranch (666 bytes)


---------------  P R O C E S S  ---------------

Java Threads: ( => current thread )
  0x0000000016eb5000 JavaThread "pool-1-thread-4" [_thread_in_Java, id=13488, stack(0x0000000017700000,0x0000000017800000)]
  0x0000000016eb0000 JavaThread "pool-1-thread-3" [_thread_in_Java, id=13136, stack(0x0000000017600000,0x0000000017700000)]
  0x0000000016eaf800 JavaThread "pool-1-thread-2" [_thread_blocked, id=3548, stack(0x0000000017500000,0x0000000017600000)]
  0x0000000016e73800 JavaThread "pool-2-thread-1" [_thread_blocked, id=17532, stack(0x0000000017400000,0x0000000017500000)]
  0x0000000016e73000 JavaThread "pool-1-thread-1" [_thread_blocked, id=17944, stack(0x0000000017300000,0x0000000017400000)]
  0x0000000016c02800 JavaThread "Service Thread" daemon [_thread_blocked, id=4792, stack(0x0000000017100000,0x0000000017200000)]
  0x000000001540c800 JavaThread "C1 CompilerThread2" daemon [_thread_blocked, id=14892, stack(0x0000000017000000,0x0000000017100000)]
  0x00000000153b0000 JavaThread "C2 CompilerThread1" daemon [_thread_blocked, id=16960, stack(0x0000000016b00000,0x0000000016c00000)]
=>0x00000000153ad000 JavaThread "C2 CompilerThread0" daemon [_thread_in_native, id=1268, stack(0x0000000016a00000,0x0000000016b00000)]
  0x00000000153ab000 JavaThread "Attach Listener" daemon [_thread_blocked, id=16972, stack(0x0000000016900000,0x0000000016a00000)]
  0x00000000153aa000 JavaThread "Signal Dispatcher" daemon [_thread_blocked, id=12540, stack(0x0000000016800000,0x0000000016900000)]
  0x0000000002cd0800 JavaThread "Finalizer" daemon [_thread_blocked, id=12176, stack(0x0000000016600000,0x0000000016700000)]
  0x0000000002ccd000 JavaThread "Reference Handler" daemon [_thread_blocked, id=11776, stack(0x0000000016500000,0x0000000016600000)]
  0x0000000002b9e000 JavaThread "main" [_thread_in_Java, id=13884, stack(0x00000000029e0000,0x0000000002ae0000)]

Other Threads:
  0x0000000015378000 VMThread [stack: 0x0000000016400000,0x0000000016500000] [id=11896]
  0x0000000016c04800 WatcherThread [stack: 0x0000000017200000,0x0000000017300000] [id=9248]

VM state:not at safepoint (normal execution)

VM Mutex/Monitor currently owned by a thread: None

Heap:
 PSYoungGen      total 38400K, used 32499K [0x00000000eab00000, 0x00000000ef600000, 0x0000000100000000)
  eden space 33280K, 82% used [0x00000000eab00000,0x00000000ec5c24a0,0x00000000ecb80000)
  from space 5120K, 99% used [0x00000000ecb80000,0x00000000ed07aaf8,0x00000000ed080000)
  to   space 5120K, 0% used [0x00000000ef100000,0x00000000ef100000,0x00000000ef600000)
 ParOldGen       total 87552K, used 1810K [0x00000000c0000000, 0x00000000c5580000, 0x00000000eab00000)
  object space 87552K, 2% used [0x00000000c0000000,0x00000000c01c4bb0,0x00000000c5580000)
 Metaspace       used 6096K, capacity 7024K, committed 7296K, reserved 1056768K
  class space    used 592K, capacity 616K, committed 640K, reserved 1048576K

Card table byte_map: [0x00000000120a0000,0x00000000122b0000] byte_map_base: 0x0000000011aa0000

Marking Bits: (ParMarkBitMap*) 0x0000000067854040
 Begin Bits: [0x0000000012810000, 0x0000000013810000)
 End Bits:   [0x0000000013810000, 0x0000000014810000)

Polling page: 0x0000000001240000

CodeCache: size=245760Kb used=5993Kb max_used=6006Kb free=239766Kb
 bounds [0x0000000002ce0000, 0x00000000032d0000, 0x0000000011ce0000]
 total_blobs=1728 nmethods=1459 adapters=182
 compilation: enabled

Compilation events (10 events):
Event: 3.302 Thread 0x00000000153b0000 1454       4       com.android.dx.ssa.SsaRenamer$BlockRenamer::processResultReg (56 bytes)
Event: 3.309 Thread 0x00000000153b0000 nmethod 1454 0x00000000032b81d0 code [0x00000000032b8320, 0x00000000032b8628]
Event: 3.309 Thread 0x00000000153b0000 1387       4       com.android.dx.ssa.SsaRenamer$BlockRenamer::visitNonMoveInsn (14 bytes)
Event: 3.317 Thread 0x00000000153b0000 nmethod 1387 0x00000000032b4090 code [0x00000000032b4200, 0x00000000032b4538]
Event: 3.317 Thread 0x00000000153b0000 1388       4       com.android.dx.ssa.MoveParamCombiner$1::visitNonMoveInsn (213 bytes)
Event: 3.320 Thread 0x00000000153b0000 nmethod 1388 0x00000000032b7b90 code [0x00000000032b7ce0, 0x00000000032b7e78]
Event: 3.320 Thread 0x00000000153b0000 1451       4       com.android.dx.ssa.back.FirstFitLocalCombiningAllocator$1::visitNonMoveInsn (6 bytes)
Event: 3.339 Thread 0x00000000153b0000 nmethod 1451 0x00000000032b50d0 code [0x00000000032b5260, 0x00000000032b5908]
Event: 3.339 Thread 0x00000000153b0000 1380       4       com.android.dx.rop.code.Rop::hashCode (54 bytes)
Event: 3.354 Thread 0x00000000153b0000 nmethod 1380 0x00000000032b3150 code [0x00000000032b32c0, 0x00000000032b39d8]

GC Heap History (2 events):
Event: 2.017 GC heap before
{Heap before GC invocations=1 (full 0):
 PSYoungGen      total 38400K, used 33280K [0x00000000eab00000, 0x00000000ed580000, 0x0000000100000000)
  eden space 33280K, 100% used [0x00000000eab00000,0x00000000ecb80000,0x00000000ecb80000)
  from space 5120K, 0% used [0x00000000ed080000,0x00000000ed080000,0x00000000ed580000)
  to   space 5120K, 0% used [0x00000000ecb80000,0x00000000ecb80000,0x00000000ed080000)
 ParOldGen       total 87552K, used 0K [0x00000000c0000000, 0x00000000c5580000, 0x00000000eab00000)
  object space 87552K, 0% used [0x00000000c0000000,0x00000000c0000000,0x00000000c5580000)
 Metaspace       used 5990K, capacity 6960K, committed 7040K, reserved 1056768K
  class space    used 591K, capacity 616K, committed 640K, reserved 1048576K
Event: 2.575 GC heap after
Heap after GC invocations=1 (full 0):
 PSYoungGen      total 38400K, used 5098K [0x00000000eab00000, 0x00000000ef600000, 0x0000000100000000)
  eden space 33280K, 0% used [0x00000000eab00000,0x00000000eab00000,0x00000000ecb80000)
  from space 5120K, 99% used [0x00000000ecb80000,0x00000000ed07aaf8,0x00000000ed080000)
  to   space 5120K, 0% used [0x00000000ef100000,0x00000000ef100000,0x00000000ef600000)
 ParOldGen       total 87552K, used 1810K [0x00000000c0000000, 0x00000000c5580000, 0x00000000eab00000)
  object space 87552K, 2% used [0x00000000c0000000,0x00000000c01c4bb0,0x00000000c5580000)
 Metaspace       used 5990K, capacity 6960K, committed 7040K, reserved 1056768K
  class space    used 591K, capacity 616K, committed 640K, reserved 1048576K
}

Deoptimization events (10 events):
Event: 1.002 Thread 0x0000000016e73000 Uncommon trap: reason=unstable_if action=reinterpret pc=0x0000000002f2df30 method=java.util.BitSet.nextSetBit(I)I @ 87
Event: 1.010 Thread 0x0000000016eb5000 Uncommon trap: reason=unstable_if action=reinterpret pc=0x0000000002f27b4c method=java.util.HashMap.getNode(ILjava/lang/Object;)Ljava/util/HashMap$Node; @ 129
Event: 1.173 Thread 0x0000000016eb5000 Uncommon trap: reason=bimorphic action=maybe_recompile pc=0x0000000002f725b8 method=java.util.HashMap.getNode(ILjava/lang/Object;)Ljava/util/HashMap$Node; @ 126
Event: 1.501 Thread 0x0000000016eb0000 Uncommon trap: reason=unstable_if action=reinterpret pc=0x000000000307bd3c method=com.android.dx.util.IntList.binarysearch(I)I @ 105
Event: 1.911 Thread 0x0000000016eb5000 Uncommon trap: reason=null_check action=make_not_entrant pc=0x0000000002fc39a4 method=com.android.dx.rop.type.Type.equals(Ljava/lang/Object;)Z @ 8
Event: 1.914 Thread 0x0000000016eb5000 Uncommon trap: reason=bimorphic action=maybe_recompile pc=0x0000000002f725b8 method=java.util.HashMap.getNode(ILjava/lang/Object;)Ljava/util/HashMap$Node; @ 126
Event: 1.914 Thread 0x0000000016eb5000 Uncommon trap: reason=bimorphic action=maybe_recompile pc=0x0000000002f725b8 method=java.util.HashMap.getNode(ILjava/lang/Object;)Ljava/util/HashMap$Node; @ 126
Event: 1.914 Thread 0x0000000016eb5000 Uncommon trap: reason=bimorphic action=maybe_recompile pc=0x0000000002f725b8 method=java.util.HashMap.getNode(ILjava/lang/Object;)Ljava/util/HashMap$Node; @ 126
Event: 2.763 Thread 0x0000000002b9e000 Uncommon trap: reason=unloaded action=reinterpret pc=0x0000000003141810 method=com.android.dx.cf.cst.ConstantPoolParser.parse0(ILjava/util/BitSet;)Lcom/android/dx/rop/cst/Constant; @ 176
Event: 2.767 Thread 0x0000000002b9e000 Uncommon trap: reason=uninitialized action=reinterpret pc=0x00000000031fde9c method=com.android.dx.cf.code.BytecodeArray.parseInstruction(ILcom/android/dx/cf/code/BytecodeArray$Visitor;)I @ 1047

Internal exceptions (3 events):
Event: 0.060 Thread 0x0000000002b9e000 Exception <a 'java/lang/NoSuchMethodError': Method sun.misc.Unsafe.defineClass(Ljava/lang/String;[BII)Ljava/lang/Class; name or signature does not match> (0x00000000eab0d6f8) thrown at [C:\re\workspace\8-2-build-windows-amd64-cygwin\jdk8u45\3457\hotspot\srû?1¿Ý’®?
Event: 0.060 Thread 0x0000000002b9e000 Exception <a 'java/lang/NoSuchMethodError': Method sun.misc.Unsafe.prefetchRead(Ljava/lang/Object;J)V name or signature does not match> (0x00000000eab0d988) thrown at [C:\re\workspace\8-2-build-windows-amd64-cygwin\jdk8u45\3457\hotspot\src\share\vm\prims\j‡T 3”þ?
Event: 1.911 Thread 0x0000000016eb5000 Implicit null exception at 0x0000000002fc38a2 to 0x0000000002fc3995

Events (10 events):
Event: 1.946 Executing VM operation: ParallelGCFailedAllocation
Event: 2.575 Executing VM operation: ParallelGCFailedAllocation done
Event: 2.709 loading class com/android/dx/cf/code/BytecodeArray$ConstantParserVisitor
Event: 2.709 loading class com/android/dx/cf/code/BytecodeArray$ConstantParserVisitor done
Event: 2.763 Thread 0x0000000002b9e000 Uncommon trap: trap_request=0x000000cf fr.pc=0x0000000003141810
Event: 2.763 Thread 0x0000000002b9e000 DEOPT PACKING pc=0x0000000003141810 sp=0x0000000002adebb0
Event: 2.763 Thread 0x0000000002b9e000 DEOPT UNPACKING pc=0x0000000002d2582a sp=0x0000000002adeb80 mode 2
Event: 2.767 Thread 0x0000000002b9e000 Uncommon trap: trap_request=0xffffffb5 fr.pc=0x00000000031fde9c
Event: 2.767 Thread 0x0000000002b9e000 DEOPT PACKING pc=0x00000000031fde9c sp=0x0000000002ade640
Event: 2.767 Thread 0x0000000002b9e000 DEOPT UNPACKING pc=0x0000000002d2582a sp=0x0000000002ade5c0 mode 2


Dynamic libraries:
0x00007ff672410000 - 0x00007ff672447000 	C:\Program Files\Java\jdk1.8.0_45\bin\java.exe
0x00007fffd4df0000 - 0x00007fffd4fc2000 	C:\WINDOWS\SYSTEM32\ntdll.dll
0x00007fffd2620000 - 0x00007fffd26cc000 	C:\WINDOWS\System32\KERNEL32.DLL
0x00007fffd1580000 - 0x00007fffd179d000 	C:\WINDOWS\System32\KERNELBASE.dll
0x00007fffd3830000 - 0x00007fffd38d2000 	C:\WINDOWS\System32\ADVAPI32.dll
0x00007fffd36e0000 - 0x00007fffd377e000 	C:\WINDOWS\System32\msvcrt.dll
0x00007fffd2380000 - 0x00007fffd23d9000 	C:\WINDOWS\System32\sechost.dll
0x00007fffd2dd0000 - 0x00007fffd2ef1000 	C:\WINDOWS\System32\RPCRT4.dll
0x00007fffd32a0000 - 0x00007fffd3405000 	C:\WINDOWS\System32\USER32.dll
0x00007fffd12f0000 - 0x00007fffd130e000 	C:\WINDOWS\System32\win32u.dll
0x00007fffd3790000 - 0x00007fffd37c4000 	C:\WINDOWS\System32\GDI32.dll
0x00007fffd2150000 - 0x00007fffd22d0000 	C:\WINDOWS\System32\gdi32full.dll
0x00007fffc6610000 - 0x00007fffc688a000 	C:\WINDOWS\WinSxS\amd64_microsoft.windows.common-controls_6595b64144ccf1df_6.0.14393.953_none_42151e83c686086b\COMCTL32.dll
0x00007fffd3410000 - 0x00007fffd36d8000 	C:\WINDOWS\System32\combase.dll
0x00007fffd2050000 - 0x00007fffd2145000 	C:\WINDOWS\System32\ucrtbase.dll
0x00007fffd17a0000 - 0x00007fffd180a000 	C:\WINDOWS\System32\bcryptPrimitives.dll
0x00007fffd3060000 - 0x00007fffd308e000 	C:\WINDOWS\System32\IMM32.DLL
0x00000000678e0000 - 0x00000000679b2000 	C:\Program Files\Java\jdk1.8.0_45\jre\bin\msvcr100.dll
0x0000000067050000 - 0x00000000678d3000 	C:\Program Files\Java\jdk1.8.0_45\jre\bin\server\jvm.dll
0x00007fffd3290000 - 0x00007fffd3298000 	C:\WINDOWS\System32\PSAPI.DLL
0x00007fffc2e60000 - 0x00007fffc2e69000 	C:\WINDOWS\SYSTEM32\WSOCK32.dll
0x00007fffd2d50000 - 0x00007fffd2dba000 	C:\WINDOWS\System32\WS2_32.dll
0x00007fffcf6f0000 - 0x00007fffcf713000 	C:\WINDOWS\SYSTEM32\WINMM.dll
0x00007fffc3870000 - 0x00007fffc387a000 	C:\WINDOWS\SYSTEM32\VERSION.dll
0x00007fffcf690000 - 0x00007fffcf6bb000 	C:\WINDOWS\SYSTEM32\WINMMBASE.dll
0x00007fffd22d0000 - 0x00007fffd2312000 	C:\WINDOWS\System32\cfgmgr32.dll
0x0000000067040000 - 0x000000006704f000 	C:\Program Files\Java\jdk1.8.0_45\jre\bin\verify.dll
0x0000000067010000 - 0x0000000067039000 	C:\Program Files\Java\jdk1.8.0_45\jre\bin\java.dll
0x0000000066ff0000 - 0x0000000067006000 	C:\Program Files\Java\jdk1.8.0_45\jre\bin\zip.dll
0x00007fffd38e0000 - 0x00007fffd4de8000 	C:\WINDOWS\System32\SHELL32.dll
0x00007fffd18c0000 - 0x00007fffd1f9a000 	C:\WINDOWS\System32\windows.storage.dll
0x00007fffd1280000 - 0x00007fffd12cc000 	C:\WINDOWS\System32\powrprof.dll
0x00007fffd3090000 - 0x00007fffd30e2000 	C:\WINDOWS\System32\shlwapi.dll
0x00007fffd12d0000 - 0x00007fffd12df000 	C:\WINDOWS\System32\kernel.appcore.dll
0x00007fffd1810000 - 0x00007fffd18b9000 	C:\WINDOWS\System32\shcore.dll
0x00007fffd1260000 - 0x00007fffd1274000 	C:\WINDOWS\System32\profapi.dll
0x00007fffcc850000 - 0x00007fffcc9e2000 	C:\WINDOWS\SYSTEM32\dbghelp.dll

VM Arguments:
jvm_args: -Djava.awt.headless=true -Xmx1024M -Dfile.encoding=windows-1252 -Duser.country=US -Duser.language=en -Duser.variant 
java_command: com.android.dx.command.Main --dex --num-threads=4 --output C:\Users\Thomas\Desktop\projects\SDGE_app2\app\build\intermediates\pre-dexed\debug\com.google.android.gms-play-services-cast-11.0.4_1960c446c1066e799395bee44c6ecdee7ccd218a.jar C:\Users\Thomas\Desktop\projects\SDGE_app2\app\build\intermediates\exploded-aar\com.google.android.gms\play-services-cast\11.0.4\jars\classes.jar
java_class_path (initial): C:\Users\Thomas\AppData\Local\Android\Sdk\build-tools\26.0.1\lib\dx.jar
Launcher Type: SUN_STANDARD

Environment Variables:
JAVA_HOME=C:\Program Files\Java\jdk1.8.0_111
JRE_HOME=C:\Program Files\Java\jre1.8.0_111
CLASSPATH=C:\Users\Thomas\Desktop\CSE 132B\apache-tomcat-8.5.14\lib\postgresql-42.1.1.jar;C:\Program Files\Java\jdk1.8.0_111\bin;C:\Program Files\Java\jre1.8.0_111\bin;C:\Users\Thomas\Desktop\CSE 132B\apache-tomcat-8.5.14\lib
PATH=C:\Program Files\Docker\Docker\Resources\bin;C:\ProgramData\Oracle\Java\javapath;C:\WINDOWS\system32;C:\WINDOWS;C:\WINDOWS\System32\Wbem;C:\WINDOWS\System32\WindowsPowerShell\v1.0\;C:\Program Files (x86)\Brackets\command;C:\ProgramData\chocolatey\bin;C:\tools\python2;C:\php;C:\Apache24;C:\Apache24\bin;C:\Program Files (x86)\GNU\GnuPG\pub;C:\Program Files\nodejs\;C:\Program Files\Git\cmd;c:\Program Files (x86)\Microsoft SQL Server\110\Tools\Binn\;c:\Program Files\Microsoft SQL Server\110\Tools\Binn\;c:\Program Files\Microsoft SQL Server\110\DTS\Binn\;C:\Program Files\PuTTY\;C:\Users\Thomas\Miniconda3;C:\Users\Thomas\Miniconda3\Scripts;C:\Users\Thomas\Miniconda3\Library\bin;C:\Program Files\Java\jre1.8.0_111\bin\javacpl.exe;C:\Users\Thomas\AppData\Roaming\npm;C:\Program Files (x86)\Brackets;C:\tools\python2;C:\Users\Thomas\AppData\Local\Programs\Thonny\thonny.exe;C:\Program Files\Java\jdk1.8.0_111\bin
USERNAME=Thomas
OS=Windows_NT
PROCESSOR_IDENTIFIER=Intel64 Family 6 Model 69 Stepping 1, GenuineIntel



---------------  S Y S T E M  ---------------

OS: Windows 10.0 , 64 bit Build 14393 (10.0.14393.1198)

CPU:total 4 (2 cores per cpu, 2 threads per core) family 6 model 69 stepping 1, cmov, cx8, fxsr, mmx, sse, sse2, sse3, ssse3, sse4.1, sse4.2, popcnt, avx, avx2, aes, clmul, erms, lzcnt, ht, tsc, tscinvbit, bmi1, bmi2

Memory: 4k page, physical 8291400k(907004k free), swap 15017616k(5132k free)

vm_info: Java HotSpot(TM) 64-Bit Server VM (25.45-b02) for windows-amd64 JRE (1.8.0_45-b14), built on Apr 10 2015 10:34:15 by "java_re" with MS VC++ 10.0 (VS2010)

time: Wed Aug 30 15:46:13 2017
elapsed time: 3 seconds (0d 0h 0m 3s)

