#
# There is insufficient memory for the Java Runtime Environment to continue.
# Native memory allocation (malloc) failed to allocate 32744 bytes for ChunkPool::allocate
# Possible reasons:
#   The system is out of physical RAM or swap space
#   In 32 bit mode, the process size limit was hit
# Possible solutions:
#   Reduce memory load on the system
#   Increase physical memory or swap space
#   Check if swap backing store is full
#   Use 64 bit Java on a 64 bit OS
#   Decrease Java heap size (-Xmx/-Xms)
#   Decrease number of Java threads
#   Decrease Java thread stack sizes (-Xss)
#   Set larger code cache with -XX:ReservedCodeCacheSize=
# This output file may be truncated or incomplete.
#
#  Out of Memory Error (allocation.cpp:273), pid=17124, tid=13804
#
# JRE version: Java(TM) SE Runtime Environment (8.0_45-b14) (build 1.8.0_45-b14)
# Java VM: Java HotSpot(TM) 64-Bit Server VM (25.45-b02 mixed mode windows-amd64 compressed oops)
# Failed to write core dump. Minidumps are not enabled by default on client versions of Windows
#

---------------  T H R E A D  ---------------

Current thread (0x0000000014cb9800):  JavaThread "C1 CompilerThread2" daemon [_thread_in_native, id=13804, stack(0x00000000163c0000,0x00000000164c0000)]

Stack: [0x00000000163c0000,0x00000000164c0000]
Native frames: (J=compiled Java code, j=interpreted, Vv=VM code, C=native code)
V  [jvm.dll+0x32b57a]


Current CompileTask:
C1:   1635  490   !   3       com.android.dx.cf.code.BytecodeArray::parseInstruction (2764 bytes)


---------------  P R O C E S S  ---------------

Java Threads: ( => current thread )
  0x0000000016633800 JavaThread "pool-1-thread-4" [_thread_blocked, id=15284, stack(0x0000000016ec0000,0x0000000016fc0000)]
  0x0000000016633000 JavaThread "pool-1-thread-3" [_thread_blocked, id=17720, stack(0x0000000016dc0000,0x0000000016ec0000)]
  0x000000001662f000 JavaThread "pool-1-thread-2" [_thread_in_Java, id=936, stack(0x0000000016cc0000,0x0000000016dc0000)]
  0x000000001662c000 JavaThread "pool-2-thread-1" [_thread_blocked, id=924, stack(0x0000000016bc0000,0x0000000016cc0000)]
  0x0000000016624800 JavaThread "pool-1-thread-1" [_thread_in_Java, id=13304, stack(0x0000000016ac0000,0x0000000016bc0000)]
  0x0000000014cbe000 JavaThread "Service Thread" daemon [_thread_blocked, id=9620, stack(0x00000000168c0000,0x00000000169c0000)]
=>0x0000000014cb9800 JavaThread "C1 CompilerThread2" daemon [_thread_in_native, id=13804, stack(0x00000000163c0000,0x00000000164c0000)]
  0x0000000014cb6800 JavaThread "C2 CompilerThread1" daemon [_thread_blocked, id=6904, stack(0x00000000162c0000,0x00000000163c0000)]
  0x0000000014c5d800 JavaThread "C2 CompilerThread0" daemon [_thread_blocked, id=5476, stack(0x00000000161c0000,0x00000000162c0000)]
  0x0000000014c5b800 JavaThread "Attach Listener" daemon [_thread_blocked, id=18172, stack(0x00000000160c0000,0x00000000161c0000)]
  0x0000000014c5a000 JavaThread "Signal Dispatcher" daemon [_thread_blocked, id=16100, stack(0x0000000015fc0000,0x00000000160c0000)]
  0x0000000002581000 JavaThread "Finalizer" daemon [_thread_blocked, id=17384, stack(0x0000000015eb0000,0x0000000015fb0000)]
  0x000000000257e800 JavaThread "Reference Handler" daemon [_thread_blocked, id=12492, stack(0x0000000015db0000,0x0000000015eb0000)]
  0x000000000222e000 JavaThread "main" [_thread_in_Java, id=5732, stack(0x0000000002230000,0x0000000002330000)]

Other Threads:
  0x0000000014c27800 VMThread [stack: 0x0000000015cb0000,0x0000000015db0000] [id=9964]
  0x00000000164c1800 WatcherThread [stack: 0x00000000169c0000,0x0000000016ac0000] [id=1512]

VM state:not at safepoint (normal execution)

VM Mutex/Monitor currently owned by a thread: None

Heap:
 PSYoungGen      total 38400K, used 13361K [0x00000000eab00000, 0x00000000ed580000, 0x0000000100000000)
  eden space 33280K, 40% used [0x00000000eab00000,0x00000000eb80c750,0x00000000ecb80000)
  from space 5120K, 0% used [0x00000000ed080000,0x00000000ed080000,0x00000000ed580000)
  to   space 5120K, 0% used [0x00000000ecb80000,0x00000000ecb80000,0x00000000ed080000)
 ParOldGen       total 87552K, used 0K [0x00000000c0000000, 0x00000000c5580000, 0x00000000eab00000)
  object space 87552K, 0% used [0x00000000c0000000,0x00000000c0000000,0x00000000c5580000)
 Metaspace       used 5464K, capacity 6512K, committed 6784K, reserved 1058816K
  class space    used 588K, capacity 616K, committed 640K, reserved 1048576K

Card table byte_map: [0x0000000011950000,0x0000000011b60000] byte_map_base: 0x0000000011350000

Marking Bits: (ParMarkBitMap*) 0x0000000067854040
 Begin Bits: [0x00000000120c0000, 0x00000000130c0000)
 End Bits:   [0x00000000130c0000, 0x00000000140c0000)

Polling page: 0x0000000002330000

CodeCache: size=245760Kb used=2115Kb max_used=2118Kb free=243645Kb
 bounds [0x0000000002590000, 0x0000000002800000, 0x0000000011590000]
 total_blobs=756 nmethods=485 adapters=184
 compilation: enabled

Compilation events (10 events):
Event: 1.616 Thread 0x0000000014c5d800  487       4       java.util.ArrayList$Itr::hasNext (20 bytes)
Event: 1.616 Thread 0x0000000014cb9800 nmethod 481 0x000000000279eb50 code [0x000000000279ece0, 0x000000000279f1a8]
Event: 1.616 Thread 0x0000000014cb9800  482   !   3       com.android.dx.rop.code.RegisterSpec::intern (70 bytes)
Event: 1.616 Thread 0x0000000014cb6800  488   !   4       com.android.dx.util.FixedSizeList::get0 (47 bytes)
Event: 1.617 Thread 0x0000000014c5d800 nmethod 487 0x00000000027a1fd0 code [0x00000000027a2100, 0x00000000027a2178]
Event: 1.617 Thread 0x0000000014cb6800 nmethod 488 0x00000000027a0810 code [0x00000000027a0940, 0x00000000027a09f8]
Event: 1.617 Thread 0x0000000014cb9800 nmethod 482 0x00000000027a2350 code [0x00000000027a2580, 0x00000000027a3248]
Event: 1.617 Thread 0x0000000014cb9800  486       3       com.android.dx.ssa.NormalSsaInsn::hasSideEffect (76 bytes)
Event: 1.618 Thread 0x0000000014cb9800 nmethod 486 0x000000000279ff10 code [0x00000000027a00a0, 0x00000000027a06c8]
Event: 1.618 Thread 0x0000000014cb9800  490   !   3       com.android.dx.cf.code.BytecodeArray::parseInstruction (2764 bytes)

GC Heap History (0 events):
No events

Deoptimization events (1 events):
Event: 1.007 Thread 0x000000000222e000 Uncommon trap: reason=unstable_if action=reinterpret pc=0x00000000026ceb94 method=java.lang.String.indexOf(II)I @ 49

Internal exceptions (2 events):
Event: 0.229 Thread 0x000000000222e000 Exception <a 'java/lang/NoSuchMethodError': Method sun.misc.Unsafe.defineClass(Ljava/lang/String;[BII)Ljava/lang/Class; name or signature does not match> (0x00000000eab0d718) thrown at [C:\re\workspace\8-2-build-windows-amd64-cygwin\jdk8u45\3457\hotspot\srA»Œ‚„^Õ?
Event: 0.229 Thread 0x000000000222e000 Exception <a 'java/lang/NoSuchMethodError': Method sun.misc.Unsafe.prefetchRead(Ljava/lang/Object;J)V name or signature does not match> (0x00000000eab0d9a8) thrown at [C:\re\workspace\8-2-build-windows-amd64-cygwin\jdk8u45\3457\hotspot\src\share\vm\prims\j

Events (10 events):
Event: 1.611 loading class java/io/PrintWriter
Event: 1.611 loading class java/io/PrintWriter done
Event: 1.612 loading class com/android/dx/dex/file/DebugInfoItem
Event: 1.612 loading class com/android/dx/dex/file/DebugInfoItem done
Event: 1.613 loading class com/android/dx/dex/file/MethodIdItem
Event: 1.613 loading class com/android/dx/dex/file/MethodIdItem done
Event: 1.613 loading class com/android/dx/cf/code/BytecodeArray$ConstantParserVisitor
Event: 1.613 loading class com/android/dx/cf/code/BytecodeArray$ConstantParserVisitor done
Event: 1.622 loading class com/android/dx/ssa/back/FirstFitLocalCombiningAllocator$Multiset
Event: 1.622 loading class com/android/dx/ssa/back/FirstFitLocalCombiningAllocator$Multiset done


Dynamic libraries:
0x00007ff672410000 - 0x00007ff672447000 	C:\Program Files\Java\jdk1.8.0_45\bin\java.exe
0x00007fffd4df0000 - 0x00007fffd4fc2000 	C:\WINDOWS\SYSTEM32\ntdll.dll
0x00007fffd2620000 - 0x00007fffd26cc000 	C:\WINDOWS\System32\KERNEL32.DLL
0x00007fffd1580000 - 0x00007fffd179d000 	C:\WINDOWS\System32\KERNELBASE.dll
0x00007fffd3830000 - 0x00007fffd38d2000 	C:\WINDOWS\System32\ADVAPI32.dll
0x00007fffd36e0000 - 0x00007fffd377e000 	C:\WINDOWS\System32\msvcrt.dll
0x00007fffd2380000 - 0x00007fffd23d9000 	C:\WINDOWS\System32\sechost.dll
0x00007fffd2dd0000 - 0x00007fffd2ef1000 	C:\WINDOWS\System32\RPCRT4.dll
0x00007fffd32a0000 - 0x00007fffd3405000 	C:\WINDOWS\System32\USER32.dll
0x00007fffd12f0000 - 0x00007fffd130e000 	C:\WINDOWS\System32\win32u.dll
0x00007fffd3790000 - 0x00007fffd37c4000 	C:\WINDOWS\System32\GDI32.dll
0x00007fffd2150000 - 0x00007fffd22d0000 	C:\WINDOWS\System32\gdi32full.dll
0x00007fffc6610000 - 0x00007fffc688a000 	C:\WINDOWS\WinSxS\amd64_microsoft.windows.common-controls_6595b64144ccf1df_6.0.14393.953_none_42151e83c686086b\COMCTL32.dll
0x00007fffd3410000 - 0x00007fffd36d8000 	C:\WINDOWS\System32\combase.dll
0x00007fffd2050000 - 0x00007fffd2145000 	C:\WINDOWS\System32\ucrtbase.dll
0x00007fffd17a0000 - 0x00007fffd180a000 	C:\WINDOWS\System32\bcryptPrimitives.dll
0x00007fffd3060000 - 0x00007fffd308e000 	C:\WINDOWS\System32\IMM32.DLL
0x00000000678e0000 - 0x00000000679b2000 	C:\Program Files\Java\jdk1.8.0_45\jre\bin\msvcr100.dll
0x0000000067050000 - 0x00000000678d3000 	C:\Program Files\Java\jdk1.8.0_45\jre\bin\server\jvm.dll
0x00007fffd3290000 - 0x00007fffd3298000 	C:\WINDOWS\System32\PSAPI.DLL
0x00007fffc2e60000 - 0x00007fffc2e69000 	C:\WINDOWS\SYSTEM32\WSOCK32.dll
0x00007fffd2d50000 - 0x00007fffd2dba000 	C:\WINDOWS\System32\WS2_32.dll
0x00007fffcf6f0000 - 0x00007fffcf713000 	C:\WINDOWS\SYSTEM32\WINMM.dll
0x00007fffc3870000 - 0x00007fffc387a000 	C:\WINDOWS\SYSTEM32\VERSION.dll
0x00007fffcf690000 - 0x00007fffcf6bb000 	C:\WINDOWS\SYSTEM32\WINMMBASE.dll
0x00007fffd22d0000 - 0x00007fffd2312000 	C:\WINDOWS\System32\cfgmgr32.dll
0x0000000067040000 - 0x000000006704f000 	C:\Program Files\Java\jdk1.8.0_45\jre\bin\verify.dll
0x0000000067010000 - 0x0000000067039000 	C:\Program Files\Java\jdk1.8.0_45\jre\bin\java.dll
0x0000000066ff0000 - 0x0000000067006000 	C:\Program Files\Java\jdk1.8.0_45\jre\bin\zip.dll
0x00007fffd38e0000 - 0x00007fffd4de8000 	C:\WINDOWS\System32\SHELL32.dll
0x00007fffd18c0000 - 0x00007fffd1f9a000 	C:\WINDOWS\System32\windows.storage.dll
0x00007fffd1280000 - 0x00007fffd12cc000 	C:\WINDOWS\System32\powrprof.dll
0x00007fffd3090000 - 0x00007fffd30e2000 	C:\WINDOWS\System32\shlwapi.dll
0x00007fffd12d0000 - 0x00007fffd12df000 	C:\WINDOWS\System32\kernel.appcore.dll
0x00007fffd1810000 - 0x00007fffd18b9000 	C:\WINDOWS\System32\shcore.dll
0x00007fffd1260000 - 0x00007fffd1274000 	C:\WINDOWS\System32\profapi.dll

VM Arguments:
jvm_args: -Djava.awt.headless=true -Xmx1024M -Dfile.encoding=windows-1252 -Duser.country=US -Duser.language=en -Duser.variant 
java_command: com.android.dx.command.Main --dex --num-threads=4 --output C:\Users\Thomas\Desktop\projects\SDGE_app2\app\build\intermediates\pre-dexed\debug\com.android.support-support-vector-drawable-26.0.0-alpha1_2307201af9fcaed04470d4c760ba3751432427c0.jar C:\Users\Thomas\Desktop\projects\SDGE_app2\app\build\intermediates\exploded-aar\com.android.support\support-vector-drawable\26.0.0-alpha1\jars\classes.jar
java_class_path (initial): C:\Users\Thomas\AppData\Local\Android\Sdk\build-tools\26.0.1\lib\dx.jar
Launcher Type: SUN_STANDARD

Environment Variables:
JAVA_HOME=C:\Program Files\Java\jdk1.8.0_111
JRE_HOME=C:\Program Files\Java\jre1.8.0_111
CLASSPATH=C:\Users\Thomas\Desktop\CSE 132B\apache-tomcat-8.5.14\lib\postgresql-42.1.1.jar;C:\Program Files\Java\jdk1.8.0_111\bin;C:\Program Files\Java\jre1.8.0_111\bin;C:\Users\Thomas\Desktop\CSE 132B\apache-tomcat-8.5.14\lib
PATH=C:\Program Files\Docker\Docker\Resources\bin;C:\ProgramData\Oracle\Java\javapath;C:\WINDOWS\system32;C:\WINDOWS;C:\WINDOWS\System32\Wbem;C:\WINDOWS\System32\WindowsPowerShell\v1.0\;C:\Program Files (x86)\Brackets\command;C:\ProgramData\chocolatey\bin;C:\tools\python2;C:\php;C:\Apache24;C:\Apache24\bin;C:\Program Files (x86)\GNU\GnuPG\pub;C:\Program Files\nodejs\;C:\Program Files\Git\cmd;c:\Program Files (x86)\Microsoft SQL Server\110\Tools\Binn\;c:\Program Files\Microsoft SQL Server\110\Tools\Binn\;c:\Program Files\Microsoft SQL Server\110\DTS\Binn\;C:\Program Files\PuTTY\;C:\Users\Thomas\Miniconda3;C:\Users\Thomas\Miniconda3\Scripts;C:\Users\Thomas\Miniconda3\Library\bin;C:\Program Files\Java\jre1.8.0_111\bin\javacpl.exe;C:\Users\Thomas\AppData\Roaming\npm;C:\Program Files (x86)\Brackets;C:\tools\python2;C:\Users\Thomas\AppData\Local\Programs\Thonny\thonny.exe;C:\Program Files\Java\jdk1.8.0_111\bin
USERNAME=Thomas
OS=Windows_NT
PROCESSOR_IDENTIFIER=Intel64 Family 6 Model 69 Stepping 1, GenuineIntel



---------------  S Y S T E M  ---------------

OS: Windows 10.0 , 64 bit Build 14393 (10.0.14393.1198)

CPU:total 4 (2 cores per cpu, 2 threads per core) family 6 model 69 stepping 1, cmov, cx8, fxsr, mmx, sse, sse2, sse3, ssse3, sse4.1, sse4.2, popcnt, avx, avx2, aes, clmul, erms, lzcnt, ht, tsc, tscinvbit, bmi1, bmi2

Memory: 4k page, physical 8291400k(657736k free), swap 15017616k(4092k free)

vm_info: Java HotSpot(TM) 64-Bit Server VM (25.45-b02) for windows-amd64 JRE (1.8.0_45-b14), built on Apr 10 2015 10:34:15 by "java_re" with MS VC++ 10.0 (VS2010)

time: Wed Aug 30 15:47:28 2017
elapsed time: 1 seconds (0d 0h 0m 1s)

