#
# There is insufficient memory for the Java Runtime Environment to continue.
# Native memory allocation (malloc) failed to allocate 1048576 bytes for AllocateHeap
# Possible reasons:
#   The system is out of physical RAM or swap space
#   In 32 bit mode, the process size limit was hit
# Possible solutions:
#   Reduce memory load on the system
#   Increase physical memory or swap space
#   Check if swap backing store is full
#   Use 64 bit Java on a 64 bit OS
#   Decrease Java heap size (-Xmx/-Xms)
#   Decrease number of Java threads
#   Decrease Java thread stack sizes (-Xss)
#   Set larger code cache with -XX:ReservedCodeCacheSize=
# This output file may be truncated or incomplete.
#
#  Out of Memory Error (memory/allocation.inline.hpp:61), pid=1328, tid=11324
#
# JRE version:  (8.0_45-b14) (build )
# Java VM: Java HotSpot(TM) 64-Bit Server VM (25.45-b02 mixed mode windows-amd64 compressed oops)
# Failed to write core dump. Minidumps are not enabled by default on client versions of Windows
#

---------------  T H R E A D  ---------------

Current thread (0x000000000133e000):  JavaThread "Unknown thread" [_thread_in_vm, id=11324, stack(0x0000000002b50000,0x0000000002c50000)]

Stack: [0x0000000002b50000,0x0000000002c50000]
Native frames: (J=compiled Java code, j=interpreted, Vv=VM code, C=native code)
V  [jvm.dll+0x32b57a]
V  [jvm.dll+0x279873]
V  [jvm.dll+0x27a509]
V  [jvm.dll+0x271825]
V  [jvm.dll+0x1606]
V  [jvm.dll+0x3c08c2]
V  [jvm.dll+0x3eecb2]
V  [jvm.dll+0x3ef1bc]
V  [jvm.dll+0x3ea7a7]
V  [jvm.dll+0xf2cf2]
V  [jvm.dll+0x20f0c9]
V  [jvm.dll+0x240e0a]
V  [jvm.dll+0x15ba41]
C  [java.exe+0x216e]
C  [java.exe+0xcce7]
C  [java.exe+0xcd7b]
C  [KERNEL32.DLL+0x8364]
C  [ntdll.dll+0x67091]


---------------  P R O C E S S  ---------------

Java Threads: ( => current thread )

Other Threads:

=>0x000000000133e000 (exited) JavaThread "Unknown thread" [_thread_in_vm, id=11324, stack(0x0000000002b50000,0x0000000002c50000)]

VM state:not at safepoint (normal execution)

VM Mutex/Monitor currently owned by a thread: None

Heap:
 PSYoungGen      total 38400K, used 665K [0x00000000eab00000, 0x00000000ed580000, 0x0000000100000000)
  eden space 33280K, 2% used [0x00000000eab00000,0x00000000eaba6670,0x00000000ecb80000)
  from space 5120K, 0% used [0x00000000ed080000,0x00000000ed080000,0x00000000ed580000)
  to   space 5120K, 0% used [0x00000000ecb80000,0x00000000ecb80000,0x00000000ed080000)
 ParOldGen       total 87552K, used 0K [0x00000000c0000000, 0x00000000c5580000, 0x00000000eab00000)
  object space 87552K, 0% used [0x00000000c0000000,0x00000000c0000000,0x00000000c5580000)
 Metaspace       used 766K, capacity 4480K, committed 4480K, reserved 1056768K
  class space    used 75K, capacity 384K, committed 384K, reserved 1048576K

Card table byte_map: [0x00000000122f0000,0x0000000012500000] byte_map_base: 0x0000000011cf0000

Marking Bits: (ParMarkBitMap*) 0x0000000067854040
 Begin Bits: [0x0000000012a60000, 0x0000000013a60000)
 End Bits:   [0x0000000013a60000, 0x0000000014a60000)

Polling page: 0x0000000001070000

CodeCache: size=245760Kb used=328Kb max_used=328Kb free=245431Kb
 bounds [0x0000000002f30000, 0x00000000031a0000, 0x0000000011f30000]
 total_blobs=57 nmethods=0 adapters=37
 compilation: enabled

Compilation events (0 events):
No events

GC Heap History (0 events):
No events

Deoptimization events (0 events):
No events

Internal exceptions (0 events):
No events

Events (10 events):
Event: 0.863 loading class java/lang/Short
Event: 0.863 loading class java/lang/Short done
Event: 0.863 loading class java/lang/Integer
Event: 0.863 loading class java/lang/Integer done
Event: 0.863 loading class java/lang/Long
Event: 0.863 loading class java/lang/Long done
Event: 0.876 loading class java/lang/NullPointerException
Event: 0.876 loading class java/lang/NullPointerException done
Event: 0.876 loading class java/lang/ArithmeticException
Event: 0.876 loading class java/lang/ArithmeticException done


Dynamic libraries:
0x00007ff672410000 - 0x00007ff672447000 	C:\Program Files\Java\jdk1.8.0_45\bin\java.exe
0x00007fffd4df0000 - 0x00007fffd4fc2000 	C:\WINDOWS\SYSTEM32\ntdll.dll
0x00007fffd2620000 - 0x00007fffd26cc000 	C:\WINDOWS\System32\KERNEL32.DLL
0x00007fffd1580000 - 0x00007fffd179d000 	C:\WINDOWS\System32\KERNELBASE.dll
0x00007fffd3830000 - 0x00007fffd38d2000 	C:\WINDOWS\System32\ADVAPI32.dll
0x00007fffd36e0000 - 0x00007fffd377e000 	C:\WINDOWS\System32\msvcrt.dll
0x00007fffd2380000 - 0x00007fffd23d9000 	C:\WINDOWS\System32\sechost.dll
0x00007fffd2dd0000 - 0x00007fffd2ef1000 	C:\WINDOWS\System32\RPCRT4.dll
0x00007fffd32a0000 - 0x00007fffd3405000 	C:\WINDOWS\System32\USER32.dll
0x00007fffd12f0000 - 0x00007fffd130e000 	C:\WINDOWS\System32\win32u.dll
0x00007fffd3790000 - 0x00007fffd37c4000 	C:\WINDOWS\System32\GDI32.dll
0x00007fffd2150000 - 0x00007fffd22d0000 	C:\WINDOWS\System32\gdi32full.dll
0x00007fffc6610000 - 0x00007fffc688a000 	C:\WINDOWS\WinSxS\amd64_microsoft.windows.common-controls_6595b64144ccf1df_6.0.14393.953_none_42151e83c686086b\COMCTL32.dll
0x00007fffd3410000 - 0x00007fffd36d8000 	C:\WINDOWS\System32\combase.dll
0x00007fffd2050000 - 0x00007fffd2145000 	C:\WINDOWS\System32\ucrtbase.dll
0x00007fffd17a0000 - 0x00007fffd180a000 	C:\WINDOWS\System32\bcryptPrimitives.dll
0x00007fffd3060000 - 0x00007fffd308e000 	C:\WINDOWS\System32\IMM32.DLL
0x00000000678e0000 - 0x00000000679b2000 	C:\Program Files\Java\jdk1.8.0_45\jre\bin\msvcr100.dll
0x0000000067050000 - 0x00000000678d3000 	C:\Program Files\Java\jdk1.8.0_45\jre\bin\server\jvm.dll
0x00007fffd3290000 - 0x00007fffd3298000 	C:\WINDOWS\System32\PSAPI.DLL
0x00007fffc2e60000 - 0x00007fffc2e69000 	C:\WINDOWS\SYSTEM32\WSOCK32.dll
0x00007fffd2d50000 - 0x00007fffd2dba000 	C:\WINDOWS\System32\WS2_32.dll
0x00007fffcf6f0000 - 0x00007fffcf713000 	C:\WINDOWS\SYSTEM32\WINMM.dll
0x00007fffc3870000 - 0x00007fffc387a000 	C:\WINDOWS\SYSTEM32\VERSION.dll
0x00007fffcf690000 - 0x00007fffcf6bb000 	C:\WINDOWS\SYSTEM32\WINMMBASE.dll
0x00007fffd22d0000 - 0x00007fffd2312000 	C:\WINDOWS\System32\cfgmgr32.dll
0x0000000067040000 - 0x000000006704f000 	C:\Program Files\Java\jdk1.8.0_45\jre\bin\verify.dll
0x0000000067010000 - 0x0000000067039000 	C:\Program Files\Java\jdk1.8.0_45\jre\bin\java.dll
0x0000000066ff0000 - 0x0000000067006000 	C:\Program Files\Java\jdk1.8.0_45\jre\bin\zip.dll
0x00007fffcc850000 - 0x00007fffcc9e2000 	C:\WINDOWS\SYSTEM32\dbghelp.dll

VM Arguments:
jvm_args: -Djava.awt.headless=true -Xmx1024M -Dfile.encoding=windows-1252 -Duser.country=US -Duser.language=en -Duser.variant 
java_command: com.android.dx.command.Main --dex --num-threads=4 --output C:\Users\Thomas\Desktop\projects\SDGE_app2\app\build\intermediates\pre-dexed\debug\com.google.android.gms-play-services-appinvite-11.0.4_b7ce0911cd4d61a156d2a3364906ec9f1550c946.jar C:\Users\Thomas\Desktop\projects\SDGE_app2\app\build\intermediates\exploded-aar\com.google.android.gms\play-services-appinvite\11.0.4\jars\classes.jar
java_class_path (initial): C:\Users\Thomas\AppData\Local\Android\Sdk\build-tools\26.0.1\lib\dx.jar
Launcher Type: SUN_STANDARD

Environment Variables:
JAVA_HOME=C:\Program Files\Java\jdk1.8.0_111
JRE_HOME=C:\Program Files\Java\jre1.8.0_111
CLASSPATH=C:\Users\Thomas\Desktop\CSE 132B\apache-tomcat-8.5.14\lib\postgresql-42.1.1.jar;C:\Program Files\Java\jdk1.8.0_111\bin;C:\Program Files\Java\jre1.8.0_111\bin;C:\Users\Thomas\Desktop\CSE 132B\apache-tomcat-8.5.14\lib
PATH=C:\Program Files\Docker\Docker\Resources\bin;C:\ProgramData\Oracle\Java\javapath;C:\WINDOWS\system32;C:\WINDOWS;C:\WINDOWS\System32\Wbem;C:\WINDOWS\System32\WindowsPowerShell\v1.0\;C:\Program Files (x86)\Brackets\command;C:\ProgramData\chocolatey\bin;C:\tools\python2;C:\php;C:\Apache24;C:\Apache24\bin;C:\Program Files (x86)\GNU\GnuPG\pub;C:\Program Files\nodejs\;C:\Program Files\Git\cmd;c:\Program Files (x86)\Microsoft SQL Server\110\Tools\Binn\;c:\Program Files\Microsoft SQL Server\110\Tools\Binn\;c:\Program Files\Microsoft SQL Server\110\DTS\Binn\;C:\Program Files\PuTTY\;C:\Users\Thomas\Miniconda3;C:\Users\Thomas\Miniconda3\Scripts;C:\Users\Thomas\Miniconda3\Library\bin;C:\Program Files\Java\jre1.8.0_111\bin\javacpl.exe;C:\Users\Thomas\AppData\Roaming\npm;C:\Program Files (x86)\Brackets;C:\tools\python2;C:\Users\Thomas\AppData\Local\Programs\Thonny\thonny.exe;C:\Program Files\Java\jdk1.8.0_111\bin
USERNAME=Thomas
OS=Windows_NT
PROCESSOR_IDENTIFIER=Intel64 Family 6 Model 69 Stepping 1, GenuineIntel



---------------  S Y S T E M  ---------------

OS: Windows 10.0 , 64 bit Build 14393 (10.0.14393.1198)

CPU:total 4 (2 cores per cpu, 2 threads per core) family 6 model 69 stepping 1, cmov, cx8, fxsr, mmx, sse, sse2, sse3, ssse3, sse4.1, sse4.2, popcnt, avx, avx2, aes, clmul, erms, lzcnt, ht, tsc, tscinvbit, bmi1, bmi2

Memory: 4k page, physical 8291400k(667808k free), swap 15017616k(1108k free)

vm_info: Java HotSpot(TM) 64-Bit Server VM (25.45-b02) for windows-amd64 JRE (1.8.0_45-b14), built on Apr 10 2015 10:34:15 by "java_re" with MS VC++ 10.0 (VS2010)

time: Wed Aug 30 15:47:26 2017
elapsed time: 0 seconds (0d 0h 0m 0s)

