#
# There is insufficient memory for the Java Runtime Environment to continue.
# Native memory allocation (malloc) failed to allocate 1528576 bytes for Chunk::new
# Possible reasons:
#   The system is out of physical RAM or swap space
#   In 32 bit mode, the process size limit was hit
# Possible solutions:
#   Reduce memory load on the system
#   Increase physical memory or swap space
#   Check if swap backing store is full
#   Use 64 bit Java on a 64 bit OS
#   Decrease Java heap size (-Xmx/-Xms)
#   Decrease number of Java threads
#   Decrease Java thread stack sizes (-Xss)
#   Set larger code cache with -XX:ReservedCodeCacheSize=
# This output file may be truncated or incomplete.
#
#  Out of Memory Error (allocation.cpp:390), pid=8780, tid=11988
#
# JRE version: Java(TM) SE Runtime Environment (8.0_45-b14) (build 1.8.0_45-b14)
# Java VM: Java HotSpot(TM) 64-Bit Server VM (25.45-b02 mixed mode windows-amd64 compressed oops)
# Failed to write core dump. Minidumps are not enabled by default on client versions of Windows
#

---------------  T H R E A D  ---------------

Current thread (0x000000001541f000):  JavaThread "C2 CompilerThread0" daemon [_thread_in_native, id=11988, stack(0x0000000016970000,0x0000000016a70000)]

Stack: [0x0000000016970000,0x0000000016a70000]
Native frames: (J=compiled Java code, j=interpreted, Vv=VM code, C=native code)
V  [jvm.dll+0x32b57a]
V  [jvm.dll+0x279873]
V  [jvm.dll+0x27a509]
V  [jvm.dll+0x271825]
V  [jvm.dll+0xcb9e2]
V  [jvm.dll+0xcbeac]
V  [jvm.dll+0x476ef2]
V  [jvm.dll+0x4b955f]
V  [jvm.dll+0x46b6b5]
V  [jvm.dll+0x46ccbe]
V  [jvm.dll+0x4500f2]
V  [jvm.dll+0xa4352]
V  [jvm.dll+0xa4c8f]
V  [jvm.dll+0x241984]
V  [jvm.dll+0x29853a]
C  [msvcr100.dll+0x21d9f]
C  [msvcr100.dll+0x21e3b]
C  [KERNEL32.DLL+0x8364]
C  [ntdll.dll+0x67091]


Current CompileTask:
C2:   3329 1238   !   4       com.android.dx.cf.code.BytecodeArray::parseInstruction (2764 bytes)


---------------  P R O C E S S  ---------------

Java Threads: ( => current thread )
  0x0000000016ed8000 JavaThread "pool-1-thread-4" [_thread_in_Java, id=17048, stack(0x0000000017e70000,0x0000000017f70000)]
  0x0000000016fb4800 JavaThread "pool-1-thread-3" [_thread_in_vm, id=17144, stack(0x0000000017d70000,0x0000000017e70000)]
  0x0000000016ef7000 JavaThread "pool-1-thread-2" [_thread_in_Java, id=14744, stack(0x0000000017c70000,0x0000000017d70000)]
  0x0000000016ef6000 JavaThread "pool-2-thread-1" [_thread_blocked, id=16596, stack(0x0000000017b70000,0x0000000017c70000)]
  0x0000000016f60000 JavaThread "pool-1-thread-1" [_thread_in_Java, id=9420, stack(0x0000000017a70000,0x0000000017b70000)]
  0x000000001547d800 JavaThread "Service Thread" daemon [_thread_blocked, id=6244, stack(0x0000000017070000,0x0000000017170000)]
  0x0000000015472800 JavaThread "C1 CompilerThread2" daemon [_thread_blocked, id=16128, stack(0x0000000016b70000,0x0000000016c70000)]
  0x0000000015422000 JavaThread "C2 CompilerThread1" daemon [_thread_in_native, id=13964, stack(0x0000000016a70000,0x0000000016b70000)]
=>0x000000001541f000 JavaThread "C2 CompilerThread0" daemon [_thread_in_native, id=11988, stack(0x0000000016970000,0x0000000016a70000)]
  0x000000001541d800 JavaThread "Attach Listener" daemon [_thread_blocked, id=13264, stack(0x0000000016870000,0x0000000016970000)]
  0x000000001541c000 JavaThread "Signal Dispatcher" daemon [_thread_blocked, id=9016, stack(0x0000000016770000,0x0000000016870000)]
  0x0000000002d47800 JavaThread "Finalizer" daemon [_thread_blocked, id=11544, stack(0x0000000016670000,0x0000000016770000)]
  0x0000000002d3f000 JavaThread "Reference Handler" daemon [_thread_blocked, id=13280, stack(0x0000000016570000,0x0000000016670000)]
  0x000000000124e000 JavaThread "main" [_thread_in_Java, id=17200, stack(0x0000000002a50000,0x0000000002b50000)]

Other Threads:
  0x00000000153e8000 VMThread [stack: 0x0000000016470000,0x0000000016570000] [id=18312]
  0x0000000016c7a000 WatcherThread [stack: 0x0000000017170000,0x0000000017270000] [id=12408]

VM state:not at safepoint (normal execution)

VM Mutex/Monitor currently owned by a thread: None

Heap:
 PSYoungGen      total 38400K, used 18856K [0x00000000eab00000, 0x00000000ed580000, 0x0000000100000000)
  eden space 33280K, 41% used [0x00000000eab00000,0x00000000eb86f060,0x00000000ecb80000)
  from space 5120K, 99% used [0x00000000ecb80000,0x00000000ed07afe0,0x00000000ed080000)
  to   space 5120K, 0% used [0x00000000ed080000,0x00000000ed080000,0x00000000ed580000)
 ParOldGen       total 87552K, used 2158K [0x00000000c0000000, 0x00000000c5580000, 0x00000000eab00000)
  object space 87552K, 2% used [0x00000000c0000000,0x00000000c021b8e0,0x00000000c5580000)
 Metaspace       used 6011K, capacity 6960K, committed 7040K, reserved 1056768K
  class space    used 587K, capacity 616K, committed 640K, reserved 1048576K

Card table byte_map: [0x0000000012110000,0x0000000012320000] byte_map_base: 0x0000000011b10000

Marking Bits: (ParMarkBitMap*) 0x0000000067854040
 Begin Bits: [0x0000000012880000, 0x0000000013880000)
 End Bits:   [0x0000000013880000, 0x0000000014880000)

Polling page: 0x0000000001230000

CodeCache: size=245760Kb used=5148Kb max_used=5159Kb free=240611Kb
 bounds [0x0000000002d50000, 0x0000000003260000, 0x0000000011d50000]
 total_blobs=1599 nmethods=1330 adapters=182
 compilation: enabled

Compilation events (10 events):
Event: 3.260 Thread 0x000000001541f000 nmethod 1309 0x0000000003247990 code [0x0000000003247ae0, 0x0000000003247b48]
Event: 3.260 Thread 0x000000001541f000 1187       4       com.android.dx.dex.code.CodeAddress::<init> (7 bytes)
Event: 3.260 Thread 0x0000000015422000 nmethod 1282 0x000000000324ccd0 code [0x000000000324ce20, 0x000000000324d078]
Event: 3.260 Thread 0x0000000015422000 1239       4       com.android.dx.util.LabeledList::set (45 bytes)
Event: 3.261 Thread 0x000000001541f000 nmethod 1187 0x000000000324e050 code [0x000000000324e1a0, 0x000000000324e258]
Event: 3.261 Thread 0x000000001541f000 1238   !   4       com.android.dx.cf.code.BytecodeArray::parseInstruction (2764 bytes)
Event: 3.272 Thread 0x0000000015422000 nmethod 1239 0x000000000324ec50 code [0x000000000324edc0, 0x000000000324f4d8]
Event: 3.272 Thread 0x0000000015422000 1314       4       com.android.dx.rop.type.Type::isCategory2 (36 bytes)
Event: 3.273 Thread 0x0000000015422000 nmethod 1314 0x000000000310ac10 code [0x000000000310ad40, 0x000000000310adb8]
Event: 3.274 Thread 0x0000000015422000 1322       4       com.android.dx.rop.code.RopMethod::labelToPredecessors (54 bytes)

GC Heap History (2 events):
Event: 2.754 GC heap before
{Heap before GC invocations=1 (full 0):
 PSYoungGen      total 38400K, used 33280K [0x00000000eab00000, 0x00000000ed580000, 0x0000000100000000)
  eden space 33280K, 100% used [0x00000000eab00000,0x00000000ecb80000,0x00000000ecb80000)
  from space 5120K, 0% used [0x00000000ed080000,0x00000000ed080000,0x00000000ed580000)
  to   space 5120K, 0% used [0x00000000ecb80000,0x00000000ecb80000,0x00000000ed080000)
 ParOldGen       total 87552K, used 0K [0x00000000c0000000, 0x00000000c5580000, 0x00000000eab00000)
  object space 87552K, 0% used [0x00000000c0000000,0x00000000c0000000,0x00000000c5580000)
 Metaspace       used 5916K, capacity 6896K, committed 7040K, reserved 1056768K
  class space    used 587K, capacity 616K, committed 640K, reserved 1048576K
Event: 3.149 GC heap after
Heap after GC invocations=1 (full 0):
 PSYoungGen      total 38400K, used 5099K [0x00000000eab00000, 0x00000000ed580000, 0x0000000100000000)
  eden space 33280K, 0% used [0x00000000eab00000,0x00000000eab00000,0x00000000ecb80000)
  from space 5120K, 99% used [0x00000000ecb80000,0x00000000ed07afe0,0x00000000ed080000)
  to   space 5120K, 0% used [0x00000000ed080000,0x00000000ed080000,0x00000000ed580000)
 ParOldGen       total 87552K, used 2158K [0x00000000c0000000, 0x00000000c5580000, 0x00000000eab00000)
  object space 87552K, 2% used [0x00000000c0000000,0x00000000c021b8e0,0x00000000c5580000)
 Metaspace       used 5916K, capacity 6896K, committed 7040K, reserved 1056768K
  class space    used 587K, capacity 616K, committed 640K, reserved 1048576K
}

Deoptimization events (8 events):
Event: 1.375 Thread 0x0000000016ef7000 Uncommon trap: reason=unstable_if action=reinterpret pc=0x0000000002fa41c8 method=java.util.HashMap.getNode(ILjava/lang/Object;)Ljava/util/HashMap$Node; @ 129
Event: 1.566 Thread 0x0000000016ed8000 Uncommon trap: reason=class_check action=maybe_recompile pc=0x000000000304f67c method=com.android.dx.ssa.NormalSsaInsn.accept(Lcom/android/dx/ssa/SsaInsn$Visitor;)V @ 9
Event: 1.575 Thread 0x0000000016f60000 Uncommon trap: reason=class_check action=maybe_recompile pc=0x000000000304f67c method=com.android.dx.ssa.NormalSsaInsn.accept(Lcom/android/dx/ssa/SsaInsn$Visitor;)V @ 9
Event: 1.576 Thread 0x0000000016f60000 Uncommon trap: reason=class_check action=maybe_recompile pc=0x0000000002fcfcb0 method=com.android.dx.ssa.NormalSsaInsn.accept(Lcom/android/dx/ssa/SsaInsn$Visitor;)V @ 9
Event: 1.576 Thread 0x0000000016f60000 Uncommon trap: reason=class_check action=maybe_recompile pc=0x0000000002fcfcb0 method=com.android.dx.ssa.NormalSsaInsn.accept(Lcom/android/dx/ssa/SsaInsn$Visitor;)V @ 9
Event: 1.578 Thread 0x0000000016f60000 Uncommon trap: reason=class_check action=maybe_recompile pc=0x000000000304f67c method=com.android.dx.ssa.NormalSsaInsn.accept(Lcom/android/dx/ssa/SsaInsn$Visitor;)V @ 9
Event: 1.639 Thread 0x0000000016ef7000 Uncommon trap: reason=unstable_if action=reinterpret pc=0x0000000002fd00f4 method=java.util.BitSet.ensureCapacity(I)V @ 6
Event: 2.016 Thread 0x0000000016ef7000 Uncommon trap: reason=null_check action=make_not_entrant pc=0x00000000030c9f24 method=com.android.dx.rop.type.Type.equals(Ljava/lang/Object;)Z @ 8

Internal exceptions (3 events):
Event: 0.059 Thread 0x000000000124e000 Exception <a 'java/lang/NoSuchMethodError': Method sun.misc.Unsafe.defineClass(Ljava/lang/String;[BII)Ljava/lang/Class; name or signature does not match> (0x00000000eab0d700) thrown at [C:\re\workspace\8-2-build-windows-amd64-cygwin\jdk8u45\3457\hotspot\srÙ¨5Æ?
Event: 0.059 Thread 0x000000000124e000 Exception <a 'java/lang/NoSuchMethodError': Method sun.misc.Unsafe.prefetchRead(Ljava/lang/Object;J)V name or signature does not match> (0x00000000eab0d990) thrown at [C:\re\workspace\8-2-build-windows-amd64-cygwin\jdk8u45\3457\hotspot\src\share\vm\prims\jÇÒê_Ω!
Event: 2.016 Thread 0x0000000016ef7000 Implicit null exception at 0x00000000030c9e22 to 0x00000000030c9f15

Events (10 events):
Event: 3.203 Thread 0x0000000016ef7000 DEOPT PACKING pc=0x00000000030e12ba sp=0x0000000017d6e7a0
Event: 3.203 Thread 0x0000000016ef7000 DEOPT UNPACKING pc=0x0000000002d9787f sp=0x0000000017d6e508 mode 0
Event: 3.210 Thread 0x0000000016f60000 DEOPT PACKING pc=0x00000000030e12ba sp=0x0000000017b6e600
Event: 3.210 Thread 0x0000000016f60000 DEOPT UNPACKING pc=0x0000000002d9787f sp=0x0000000017b6e368 mode 0
Event: 3.211 Thread 0x0000000016f60000 DEOPT PACKING pc=0x00000000030e12ba sp=0x0000000017b6e600
Event: 3.211 Thread 0x0000000016f60000 DEOPT UNPACKING pc=0x0000000002d9787f sp=0x0000000017b6e368 mode 0
Event: 3.211 Thread 0x0000000016f60000 DEOPT PACKING pc=0x00000000030e12ba sp=0x0000000017b6e600
Event: 3.211 Thread 0x0000000016f60000 DEOPT UNPACKING pc=0x0000000002d9787f sp=0x0000000017b6e368 mode 0
Event: 3.224 Thread 0x000000000124e000 DEOPT PACKING pc=0x00000000030e12ba sp=0x0000000002b4e1f0
Event: 3.224 Thread 0x000000000124e000 DEOPT UNPACKING pc=0x0000000002d9787f sp=0x0000000002b4df58 mode 0


Dynamic libraries:
0x00007ff672410000 - 0x00007ff672447000 	C:\Program Files\Java\jdk1.8.0_45\bin\java.exe
0x00007fffd4df0000 - 0x00007fffd4fc2000 	C:\WINDOWS\SYSTEM32\ntdll.dll
0x00007fffd2620000 - 0x00007fffd26cc000 	C:\WINDOWS\System32\KERNEL32.DLL
0x00007fffd1580000 - 0x00007fffd179d000 	C:\WINDOWS\System32\KERNELBASE.dll
0x00007fffd3830000 - 0x00007fffd38d2000 	C:\WINDOWS\System32\ADVAPI32.dll
0x00007fffd36e0000 - 0x00007fffd377e000 	C:\WINDOWS\System32\msvcrt.dll
0x00007fffd2380000 - 0x00007fffd23d9000 	C:\WINDOWS\System32\sechost.dll
0x00007fffd2dd0000 - 0x00007fffd2ef1000 	C:\WINDOWS\System32\RPCRT4.dll
0x00007fffd32a0000 - 0x00007fffd3405000 	C:\WINDOWS\System32\USER32.dll
0x00007fffd12f0000 - 0x00007fffd130e000 	C:\WINDOWS\System32\win32u.dll
0x00007fffd3790000 - 0x00007fffd37c4000 	C:\WINDOWS\System32\GDI32.dll
0x00007fffd2150000 - 0x00007fffd22d0000 	C:\WINDOWS\System32\gdi32full.dll
0x00007fffc6610000 - 0x00007fffc688a000 	C:\WINDOWS\WinSxS\amd64_microsoft.windows.common-controls_6595b64144ccf1df_6.0.14393.953_none_42151e83c686086b\COMCTL32.dll
0x00007fffd3410000 - 0x00007fffd36d8000 	C:\WINDOWS\System32\combase.dll
0x00007fffd2050000 - 0x00007fffd2145000 	C:\WINDOWS\System32\ucrtbase.dll
0x00007fffd17a0000 - 0x00007fffd180a000 	C:\WINDOWS\System32\bcryptPrimitives.dll
0x00007fffd3060000 - 0x00007fffd308e000 	C:\WINDOWS\System32\IMM32.DLL
0x00000000678e0000 - 0x00000000679b2000 	C:\Program Files\Java\jdk1.8.0_45\jre\bin\msvcr100.dll
0x0000000067050000 - 0x00000000678d3000 	C:\Program Files\Java\jdk1.8.0_45\jre\bin\server\jvm.dll
0x00007fffd3290000 - 0x00007fffd3298000 	C:\WINDOWS\System32\PSAPI.DLL
0x00007fffc2e60000 - 0x00007fffc2e69000 	C:\WINDOWS\SYSTEM32\WSOCK32.dll
0x00007fffd2d50000 - 0x00007fffd2dba000 	C:\WINDOWS\System32\WS2_32.dll
0x00007fffcf6f0000 - 0x00007fffcf713000 	C:\WINDOWS\SYSTEM32\WINMM.dll
0x00007fffc3870000 - 0x00007fffc387a000 	C:\WINDOWS\SYSTEM32\VERSION.dll
0x00007fffcf690000 - 0x00007fffcf6bb000 	C:\WINDOWS\SYSTEM32\WINMMBASE.dll
0x00007fffd22d0000 - 0x00007fffd2312000 	C:\WINDOWS\System32\cfgmgr32.dll
0x0000000067040000 - 0x000000006704f000 	C:\Program Files\Java\jdk1.8.0_45\jre\bin\verify.dll
0x0000000067010000 - 0x0000000067039000 	C:\Program Files\Java\jdk1.8.0_45\jre\bin\java.dll
0x0000000066ff0000 - 0x0000000067006000 	C:\Program Files\Java\jdk1.8.0_45\jre\bin\zip.dll
0x00007fffd38e0000 - 0x00007fffd4de8000 	C:\WINDOWS\System32\SHELL32.dll
0x00007fffd18c0000 - 0x00007fffd1f9a000 	C:\WINDOWS\System32\windows.storage.dll
0x00007fffd1280000 - 0x00007fffd12cc000 	C:\WINDOWS\System32\powrprof.dll
0x00007fffd3090000 - 0x00007fffd30e2000 	C:\WINDOWS\System32\shlwapi.dll
0x00007fffd12d0000 - 0x00007fffd12df000 	C:\WINDOWS\System32\kernel.appcore.dll
0x00007fffd1810000 - 0x00007fffd18b9000 	C:\WINDOWS\System32\shcore.dll
0x00007fffd1260000 - 0x00007fffd1274000 	C:\WINDOWS\System32\profapi.dll
0x00007fffcc850000 - 0x00007fffcc9e2000 	C:\WINDOWS\SYSTEM32\dbghelp.dll

VM Arguments:
jvm_args: -Djava.awt.headless=true -Xmx1024M -Dfile.encoding=windows-1252 -Duser.country=US -Duser.language=en -Duser.variant 
java_command: com.android.dx.command.Main --dex --num-threads=4 --output C:\Users\Thomas\Desktop\projects\SDGE_app2\app\build\intermediates\pre-dexed\debug\com.google.android.gms-play-services-fitness-11.0.4_7f1b020849a1797df566bf6396b200889bf58453.jar C:\Users\Thomas\Desktop\projects\SDGE_app2\app\build\intermediates\exploded-aar\com.google.android.gms\play-services-fitness\11.0.4\jars\classes.jar
java_class_path (initial): C:\Users\Thomas\AppData\Local\Android\Sdk\build-tools\26.0.1\lib\dx.jar
Launcher Type: SUN_STANDARD

Environment Variables:
JAVA_HOME=C:\Program Files\Java\jdk1.8.0_111
JRE_HOME=C:\Program Files\Java\jre1.8.0_111
CLASSPATH=C:\Users\Thomas\Desktop\CSE 132B\apache-tomcat-8.5.14\lib\postgresql-42.1.1.jar;C:\Program Files\Java\jdk1.8.0_111\bin;C:\Program Files\Java\jre1.8.0_111\bin;C:\Users\Thomas\Desktop\CSE 132B\apache-tomcat-8.5.14\lib
PATH=C:\Program Files\Docker\Docker\Resources\bin;C:\ProgramData\Oracle\Java\javapath;C:\WINDOWS\system32;C:\WINDOWS;C:\WINDOWS\System32\Wbem;C:\WINDOWS\System32\WindowsPowerShell\v1.0\;C:\Program Files (x86)\Brackets\command;C:\ProgramData\chocolatey\bin;C:\tools\python2;C:\php;C:\Apache24;C:\Apache24\bin;C:\Program Files (x86)\GNU\GnuPG\pub;C:\Program Files\nodejs\;C:\Program Files\Git\cmd;c:\Program Files (x86)\Microsoft SQL Server\110\Tools\Binn\;c:\Program Files\Microsoft SQL Server\110\Tools\Binn\;c:\Program Files\Microsoft SQL Server\110\DTS\Binn\;C:\Program Files\PuTTY\;C:\Users\Thomas\Miniconda3;C:\Users\Thomas\Miniconda3\Scripts;C:\Users\Thomas\Miniconda3\Library\bin;C:\Program Files\Java\jre1.8.0_111\bin\javacpl.exe;C:\Users\Thomas\AppData\Roaming\npm;C:\Program Files (x86)\Brackets;C:\tools\python2;C:\Users\Thomas\AppData\Local\Programs\Thonny\thonny.exe;C:\Program Files\Java\jdk1.8.0_111\bin
USERNAME=Thomas
OS=Windows_NT
PROCESSOR_IDENTIFIER=Intel64 Family 6 Model 69 Stepping 1, GenuineIntel



---------------  S Y S T E M  ---------------

OS: Windows 10.0 , 64 bit Build 14393 (10.0.14393.1198)

CPU:total 4 (2 cores per cpu, 2 threads per core) family 6 model 69 stepping 1, cmov, cx8, fxsr, mmx, sse, sse2, sse3, ssse3, sse4.1, sse4.2, popcnt, avx, avx2, aes, clmul, erms, lzcnt, ht, tsc, tscinvbit, bmi1, bmi2

Memory: 4k page, physical 8291400k(906960k free), swap 15017616k(5192k free)

vm_info: Java HotSpot(TM) 64-Bit Server VM (25.45-b02) for windows-amd64 JRE (1.8.0_45-b14), built on Apr 10 2015 10:34:15 by "java_re" with MS VC++ 10.0 (VS2010)

time: Wed Aug 30 15:46:13 2017
elapsed time: 3 seconds (0d 0h 0m 3s)

