#
# There is insufficient memory for the Java Runtime Environment to continue.
# Native memory allocation (malloc) failed to allocate 32744 bytes for ChunkPool::allocate
# Possible reasons:
#   The system is out of physical RAM or swap space
#   In 32 bit mode, the process size limit was hit
# Possible solutions:
#   Reduce memory load on the system
#   Increase physical memory or swap space
#   Check if swap backing store is full
#   Use 64 bit Java on a 64 bit OS
#   Decrease Java heap size (-Xmx/-Xms)
#   Decrease number of Java threads
#   Decrease Java thread stack sizes (-Xss)
#   Set larger code cache with -XX:ReservedCodeCacheSize=
# This output file may be truncated or incomplete.
#
#  Out of Memory Error (allocation.cpp:273), pid=10880, tid=12032
#
# JRE version: Java(TM) SE Runtime Environment (8.0_45-b14) (build 1.8.0_45-b14)
# Java VM: Java HotSpot(TM) 64-Bit Server VM (25.45-b02 mixed mode windows-amd64 compressed oops)
# Failed to write core dump. Minidumps are not enabled by default on client versions of Windows
#

---------------  T H R E A D  ---------------

Current thread (0x0000000014f0c800):  JavaThread "C1 CompilerThread2" daemon [_thread_in_native, id=12032, stack(0x0000000016a20000,0x0000000016b20000)]

Stack: [0x0000000016a20000,0x0000000016b20000]
Native frames: (J=compiled Java code, j=interpreted, Vv=VM code, C=native code)
V  [jvm.dll+0x32b57a]


Current CompileTask:
C1:  26123 1384       3       com.android.dx.cf.code.Simulator$SimVisitor::visitNoArgs (2136 bytes)


---------------  P R O C E S S  ---------------

Java Threads: ( => current thread )
  0x00000000167dc000 JavaThread "pool-1-thread-4" [_thread_in_Java, id=1228, stack(0x0000000017120000,0x0000000017220000)]
  0x0000000016781000 JavaThread "pool-1-thread-3" [_thread_blocked, id=8560, stack(0x0000000017020000,0x0000000017120000)]
  0x000000001677d000 JavaThread "pool-1-thread-2" [_thread_blocked, id=18112, stack(0x0000000016f20000,0x0000000017020000)]
  0x000000001677a800 JavaThread "pool-2-thread-1" [_thread_blocked, id=15468, stack(0x0000000016e20000,0x0000000016f20000)]
  0x0000000016779800 JavaThread "pool-1-thread-1" [_thread_blocked, id=17056, stack(0x0000000016d20000,0x0000000016e20000)]
  0x0000000016628000 JavaThread "Service Thread" daemon [_thread_blocked, id=10308, stack(0x0000000016b20000,0x0000000016c20000)]
=>0x0000000014f0c800 JavaThread "C1 CompilerThread2" daemon [_thread_in_native, id=12032, stack(0x0000000016a20000,0x0000000016b20000)]
  0x0000000014f0a000 JavaThread "C2 CompilerThread1" daemon [_thread_blocked, id=9000, stack(0x0000000016520000,0x0000000016620000)]
  0x0000000014ead000 JavaThread "C2 CompilerThread0" daemon [_thread_in_vm, id=10864, stack(0x0000000016420000,0x0000000016520000)]
  0x0000000014eab800 JavaThread "Attach Listener" daemon [_thread_blocked, id=18408, stack(0x0000000016320000,0x0000000016420000)]
  0x0000000014eaa800 JavaThread "Signal Dispatcher" daemon [_thread_blocked, id=16108, stack(0x0000000016220000,0x0000000016320000)]
  0x00000000027d0800 JavaThread "Finalizer" daemon [_thread_blocked, id=10960, stack(0x0000000016110000,0x0000000016210000)]
  0x00000000027cd800 JavaThread "Reference Handler" daemon [_thread_blocked, id=15396, stack(0x0000000016010000,0x0000000016110000)]
  0x0000000000b5e000 JavaThread "main" [_thread_in_native, id=1208, stack(0x0000000000d90000,0x0000000000e90000)]

Other Threads:
  0x0000000014e78800 VMThread [stack: 0x0000000015f10000,0x0000000016010000] [id=9380]
  0x0000000016629000 WatcherThread [stack: 0x0000000016c20000,0x0000000016d20000] [id=18212]

VM state:not at safepoint (normal execution)

VM Mutex/Monitor currently owned by a thread: None

Heap:
 PSYoungGen      total 38400K, used 6216K [0x00000000eab00000, 0x00000000ed580000, 0x0000000100000000)
  eden space 33280K, 3% used [0x00000000eab00000,0x00000000eac17c68,0x00000000ecb80000)
  from space 5120K, 99% used [0x00000000ecb80000,0x00000000ed07a410,0x00000000ed080000)
  to   space 5120K, 0% used [0x00000000ed080000,0x00000000ed080000,0x00000000ed580000)
 ParOldGen       total 87552K, used 2971K [0x00000000c0000000, 0x00000000c5580000, 0x00000000eab00000)
  object space 87552K, 3% used [0x00000000c0000000,0x00000000c02e6ed8,0x00000000c5580000)
 Metaspace       used 5967K, capacity 6960K, committed 7040K, reserved 1056768K
  class space    used 587K, capacity 616K, committed 640K, reserved 1048576K

Card table byte_map: [0x0000000011ba0000,0x0000000011db0000] byte_map_base: 0x00000000115a0000

Marking Bits: (ParMarkBitMap*) 0x0000000067854040
 Begin Bits: [0x0000000012310000, 0x0000000013310000)
 End Bits:   [0x0000000013310000, 0x0000000014310000)

Polling page: 0x0000000000b40000

CodeCache: size=245760Kb used=5732Kb max_used=5732Kb free=240027Kb
 bounds [0x00000000027e0000, 0x0000000002d80000, 0x00000000117e0000]
 total_blobs=1653 nmethods=1383 adapters=183
 compilation: enabled

Compilation events (10 events):
Event: 26.075 Thread 0x0000000014f0c800 nmethod 1378 0x0000000002d78790 code [0x0000000002d788e0, 0x0000000002d789f0]
Event: 26.075 Thread 0x0000000014f0c800 1379       1       com.android.dx.rop.code.Rop::getSources (5 bytes)
Event: 26.075 Thread 0x0000000014f0c800 nmethod 1379 0x0000000002d78a50 code [0x0000000002d78ba0, 0x0000000002d78cb0]
Event: 26.075 Thread 0x0000000014f0c800 1380       1       com.android.dx.rop.code.DexTranslationAdvice::getMaxOptimalRegisterCount (3 bytes)
Event: 26.075 Thread 0x0000000014f0c800 nmethod 1380 0x0000000002d78d10 code [0x0000000002d78e60, 0x0000000002d78f70]
Event: 26.075 Thread 0x0000000014f0c800 1381       3       com.android.dx.rop.code.LocalVariableExtractor::doit (49 bytes)
Event: 26.076 Thread 0x0000000014f0c800 nmethod 1381 0x0000000002d78fd0 code [0x0000000002d79160, 0x0000000002d79618]
Event: 26.076 Thread 0x0000000014f0c800 1382       3       com.android.dx.dex.code.RopTranslator::pickOrder (400 bytes)
Event: 26.104 Thread 0x0000000014f0c800 nmethod 1382 0x0000000002d79850 code [0x0000000002d79b80, 0x0000000002d7bc98]
Event: 26.104 Thread 0x0000000014f0c800 1384       3       com.android.dx.cf.code.Simulator$SimVisitor::visitNoArgs (2136 bytes)

GC Heap History (2 events):
Event: 26.079 GC heap before
{Heap before GC invocations=1 (full 0):
 PSYoungGen      total 38400K, used 33280K [0x00000000eab00000, 0x00000000ed580000, 0x0000000100000000)
  eden space 33280K, 100% used [0x00000000eab00000,0x00000000ecb80000,0x00000000ecb80000)
  from space 5120K, 0% used [0x00000000ed080000,0x00000000ed080000,0x00000000ed580000)
  to   space 5120K, 0% used [0x00000000ecb80000,0x00000000ecb80000,0x00000000ed080000)
 ParOldGen       total 87552K, used 0K [0x00000000c0000000, 0x00000000c5580000, 0x00000000eab00000)
  object space 87552K, 0% used [0x00000000c0000000,0x00000000c0000000,0x00000000c5580000)
 Metaspace       used 5944K, capacity 6960K, committed 7040K, reserved 1056768K
  class space    used 587K, capacity 616K, committed 640K, reserved 1048576K
Event: 26.103 GC heap after
Heap after GC invocations=1 (full 0):
 PSYoungGen      total 38400K, used 5097K [0x00000000eab00000, 0x00000000ed580000, 0x0000000100000000)
  eden space 33280K, 0% used [0x00000000eab00000,0x00000000eab00000,0x00000000ecb80000)
  from space 5120K, 99% used [0x00000000ecb80000,0x00000000ed07a410,0x00000000ed080000)
  to   space 5120K, 0% used [0x00000000ed080000,0x00000000ed080000,0x00000000ed580000)
 ParOldGen       total 87552K, used 2971K [0x00000000c0000000, 0x00000000c5580000, 0x00000000eab00000)
  object space 87552K, 3% used [0x00000000c0000000,0x00000000c02e6ed8,0x00000000c5580000)
 Metaspace       used 5944K, capacity 6960K, committed 7040K, reserved 1056768K
  class space    used 587K, capacity 616K, committed 640K, reserved 1048576K
}

Deoptimization events (10 events):
Event: 20.522 Thread 0x000000001677d000 Uncommon trap: reason=class_check action=maybe_recompile pc=0x0000000002b5ca24 method=com.android.dx.rop.type.Type.equals(Ljava/lang/Object;)Z @ 8
Event: 20.522 Thread 0x000000001677d000 Uncommon trap: reason=class_check action=maybe_recompile pc=0x0000000002ad86c8 method=com.android.dx.ssa.SsaBasicBlock.forEachInsn(Lcom/android/dx/ssa/SsaInsn$Visitor;)V @ 23
Event: 20.522 Thread 0x000000001677d000 Uncommon trap: reason=class_check action=maybe_recompile pc=0x0000000002ad86c8 method=com.android.dx.ssa.SsaBasicBlock.forEachInsn(Lcom/android/dx/ssa/SsaInsn$Visitor;)V @ 23
Event: 20.535 Thread 0x000000001677d000 Uncommon trap: reason=unstable_if action=reinterpret pc=0x0000000002c5a324 method=com.android.dx.rop.code.RegisterSpec.equals(ILcom/android/dx/rop/type/TypeBearer;Lcom/android/dx/rop/code/LocalItem;)Z @ 16
Event: 21.862 Thread 0x0000000000b5e000 Uncommon trap: reason=unstable_if action=reinterpret pc=0x0000000002bcc7a4 method=java.util.concurrent.ConcurrentHashMap.get(Ljava/lang/Object;)Ljava/lang/Object; @ 51
Event: 21.865 Thread 0x000000001677d000 Uncommon trap: reason=null_assert action=make_not_entrant pc=0x0000000002c0dc6c method=com.android.dx.dex.cf.AttributeTranslator.getSignature(Lcom/android/dx/cf/iface/AttributeList;)Lcom/android/dx/rop/annotation/Annotation; @ 8
Event: 22.161 Thread 0x000000001677d000 Uncommon trap: reason=null_check action=make_not_entrant pc=0x0000000002c53c64 method=com.android.dx.rop.type.Type.equals(Ljava/lang/Object;)Z @ 8
Event: 22.173 Thread 0x000000001677d000 Uncommon trap: reason=unstable_if action=reinterpret pc=0x0000000002a6bdf4 method=java.util.BitSet.ensureCapacity(I)V @ 6
Event: 22.953 Thread 0x000000001677d000 Uncommon trap: reason=uninitialized action=reinterpret pc=0x0000000002bf276c method=com.android.dx.cf.code.BytecodeArray.parseInstruction(ILcom/android/dx/cf/code/BytecodeArray$Visitor;)I @ 1031
Event: 22.954 Thread 0x000000001677d000 Uncommon trap: reason=bimorphic action=maybe_recompile pc=0x0000000002b4d8d8 method=java.util.HashMap.putVal(ILjava/lang/Object;Ljava/lang/Object;ZZ)Ljava/lang/Object; @ 91

Internal exceptions (3 events):
Event: 3.943 Thread 0x0000000000b5e000 Exception <a 'java/lang/NoSuchMethodError': Method sun.misc.Unsafe.defineClass(Ljava/lang/String;[BII)Ljava/lang/Class; name or signature does not match> (0x00000000eab0d7a0) thrown at [C:\re\workspace\8-2-build-windows-amd64-cygwin\jdk8u45\3457\hotspot\sréºç>‹@
Event: 3.943 Thread 0x0000000000b5e000 Exception <a 'java/lang/NoSuchMethodError': Method sun.misc.Unsafe.prefetchRead(Ljava/lang/Object;J)V name or signature does not match> (0x00000000eab0da30) thrown at [C:\re\workspace\8-2-build-windows-amd64-cygwin\jdk8u45\3457\hotspot\src\share\vm\prims\j–[eT)6@
Event: 22.161 Thread 0x000000001677d000 Implicit null exception at 0x0000000002c53b62 to 0x0000000002c53c55

Events (10 events):
Event: 26.110 Executing VM operation: RevokeBias
Event: 26.110 Executing VM operation: RevokeBias done
Event: 26.110 Executing VM operation: RevokeBias
Event: 26.110 Executing VM operation: RevokeBias done
Event: 26.110 Executing VM operation: RevokeBias
Event: 26.110 Executing VM operation: RevokeBias done
Event: 26.110 Executing VM operation: RevokeBias
Event: 26.111 Executing VM operation: RevokeBias done
Event: 26.111 Executing VM operation: BulkRevokeBias
Event: 26.111 Executing VM operation: BulkRevokeBias done


Dynamic libraries:
0x00007ff672410000 - 0x00007ff672447000 	C:\Program Files\Java\jdk1.8.0_45\bin\java.exe
0x00007fffd4df0000 - 0x00007fffd4fc2000 	C:\WINDOWS\SYSTEM32\ntdll.dll
0x00007fffd2620000 - 0x00007fffd26cc000 	C:\WINDOWS\System32\KERNEL32.DLL
0x00007fffd1580000 - 0x00007fffd179d000 	C:\WINDOWS\System32\KERNELBASE.dll
0x00007fffd3830000 - 0x00007fffd38d2000 	C:\WINDOWS\System32\ADVAPI32.dll
0x00007fffd36e0000 - 0x00007fffd377e000 	C:\WINDOWS\System32\msvcrt.dll
0x00007fffd2380000 - 0x00007fffd23d9000 	C:\WINDOWS\System32\sechost.dll
0x00007fffd2dd0000 - 0x00007fffd2ef1000 	C:\WINDOWS\System32\RPCRT4.dll
0x00007fffd32a0000 - 0x00007fffd3405000 	C:\WINDOWS\System32\USER32.dll
0x00007fffd12f0000 - 0x00007fffd130e000 	C:\WINDOWS\System32\win32u.dll
0x00007fffd3790000 - 0x00007fffd37c4000 	C:\WINDOWS\System32\GDI32.dll
0x00007fffd2150000 - 0x00007fffd22d0000 	C:\WINDOWS\System32\gdi32full.dll
0x00007fffc6610000 - 0x00007fffc688a000 	C:\WINDOWS\WinSxS\amd64_microsoft.windows.common-controls_6595b64144ccf1df_6.0.14393.953_none_42151e83c686086b\COMCTL32.dll
0x00007fffd3410000 - 0x00007fffd36d8000 	C:\WINDOWS\System32\combase.dll
0x00007fffd2050000 - 0x00007fffd2145000 	C:\WINDOWS\System32\ucrtbase.dll
0x00007fffd17a0000 - 0x00007fffd180a000 	C:\WINDOWS\System32\bcryptPrimitives.dll
0x00007fffd3060000 - 0x00007fffd308e000 	C:\WINDOWS\System32\IMM32.DLL
0x00000000678e0000 - 0x00000000679b2000 	C:\Program Files\Java\jdk1.8.0_45\jre\bin\msvcr100.dll
0x0000000067050000 - 0x00000000678d3000 	C:\Program Files\Java\jdk1.8.0_45\jre\bin\server\jvm.dll
0x00007fffd3290000 - 0x00007fffd3298000 	C:\WINDOWS\System32\PSAPI.DLL
0x00007fffc2e60000 - 0x00007fffc2e69000 	C:\WINDOWS\SYSTEM32\WSOCK32.dll
0x00007fffd2d50000 - 0x00007fffd2dba000 	C:\WINDOWS\System32\WS2_32.dll
0x00007fffcf6f0000 - 0x00007fffcf713000 	C:\WINDOWS\SYSTEM32\WINMM.dll
0x00007fffc3870000 - 0x00007fffc387a000 	C:\WINDOWS\SYSTEM32\VERSION.dll
0x00007fffcf690000 - 0x00007fffcf6bb000 	C:\WINDOWS\SYSTEM32\WINMMBASE.dll
0x00007fffd22d0000 - 0x00007fffd2312000 	C:\WINDOWS\System32\cfgmgr32.dll
0x0000000067040000 - 0x000000006704f000 	C:\Program Files\Java\jdk1.8.0_45\jre\bin\verify.dll
0x0000000067010000 - 0x0000000067039000 	C:\Program Files\Java\jdk1.8.0_45\jre\bin\java.dll
0x0000000066ff0000 - 0x0000000067006000 	C:\Program Files\Java\jdk1.8.0_45\jre\bin\zip.dll
0x00007fffd38e0000 - 0x00007fffd4de8000 	C:\WINDOWS\System32\SHELL32.dll
0x00007fffd18c0000 - 0x00007fffd1f9a000 	C:\WINDOWS\System32\windows.storage.dll
0x00007fffd1280000 - 0x00007fffd12cc000 	C:\WINDOWS\System32\powrprof.dll
0x00007fffd3090000 - 0x00007fffd30e2000 	C:\WINDOWS\System32\shlwapi.dll
0x00007fffd12d0000 - 0x00007fffd12df000 	C:\WINDOWS\System32\kernel.appcore.dll
0x00007fffd1810000 - 0x00007fffd18b9000 	C:\WINDOWS\System32\shcore.dll
0x00007fffd1260000 - 0x00007fffd1274000 	C:\WINDOWS\System32\profapi.dll

VM Arguments:
jvm_args: -Djava.awt.headless=true -Xmx1024M -Dfile.encoding=windows-1252 -Duser.country=US -Duser.language=en -Duser.variant 
java_command: com.android.dx.command.Main --dex --num-threads=4 --output C:\Users\Thomas\Desktop\projects\SDGE_app2\app\build\intermediates\pre-dexed\debug\debug_1be0ffaa136ac1bbf58837139bd595b24e08f3a2.jar C:\Users\Thomas\Desktop\projects\SDGE_app2\app\build\intermediates\classes\debug
java_class_path (initial): C:\Users\Thomas\AppData\Local\Android\Sdk\build-tools\26.0.1\lib\dx.jar
Launcher Type: SUN_STANDARD

Environment Variables:
JAVA_HOME=C:\Program Files\Java\jdk1.8.0_111
JRE_HOME=C:\Program Files\Java\jre1.8.0_111
CLASSPATH=C:\Users\Thomas\Desktop\CSE 132B\apache-tomcat-8.5.14\lib\postgresql-42.1.1.jar;C:\Program Files\Java\jdk1.8.0_111\bin;C:\Program Files\Java\jre1.8.0_111\bin;C:\Users\Thomas\Desktop\CSE 132B\apache-tomcat-8.5.14\lib
PATH=C:\Program Files\Docker\Docker\Resources\bin;C:\ProgramData\Oracle\Java\javapath;C:\WINDOWS\system32;C:\WINDOWS;C:\WINDOWS\System32\Wbem;C:\WINDOWS\System32\WindowsPowerShell\v1.0\;C:\Program Files (x86)\Brackets\command;C:\ProgramData\chocolatey\bin;C:\tools\python2;C:\php;C:\Apache24;C:\Apache24\bin;C:\Program Files (x86)\GNU\GnuPG\pub;C:\Program Files\nodejs\;C:\Program Files\Git\cmd;c:\Program Files (x86)\Microsoft SQL Server\110\Tools\Binn\;c:\Program Files\Microsoft SQL Server\110\Tools\Binn\;c:\Program Files\Microsoft SQL Server\110\DTS\Binn\;C:\Program Files\PuTTY\;C:\Users\Thomas\Miniconda3;C:\Users\Thomas\Miniconda3\Scripts;C:\Users\Thomas\Miniconda3\Library\bin;C:\Program Files\Java\jre1.8.0_111\bin\javacpl.exe;C:\Users\Thomas\AppData\Roaming\npm;C:\Program Files (x86)\Brackets;C:\tools\python2;C:\Users\Thomas\AppData\Local\Programs\Thonny\thonny.exe;C:\Program Files\Java\jdk1.8.0_111\bin
USERNAME=Thomas
OS=Windows_NT
PROCESSOR_IDENTIFIER=Intel64 Family 6 Model 69 Stepping 1, GenuineIntel



---------------  S Y S T E M  ---------------

OS: Windows 10.0 , 64 bit Build 14393 (10.0.14393.1198)

CPU:total 4 (2 cores per cpu, 2 threads per core) family 6 model 69 stepping 1, cmov, cx8, fxsr, mmx, sse, sse2, sse3, ssse3, sse4.1, sse4.2, popcnt, avx, avx2, aes, clmul, erms, lzcnt, ht, tsc, tscinvbit, bmi1, bmi2

Memory: 4k page, physical 8291400k(667788k free), swap 15017616k(2076k free)

vm_info: Java HotSpot(TM) 64-Bit Server VM (25.45-b02) for windows-amd64 JRE (1.8.0_45-b14), built on Apr 10 2015 10:34:15 by "java_re" with MS VC++ 10.0 (VS2010)

time: Wed Aug 30 15:47:26 2017
elapsed time: 26 seconds (0d 0h 0m 26s)

