#
# There is insufficient memory for the Java Runtime Environment to continue.
# Native memory allocation (malloc) failed to allocate 71536 bytes for Chunk::new
# Possible reasons:
#   The system is out of physical RAM or swap space
#   In 32 bit mode, the process size limit was hit
# Possible solutions:
#   Reduce memory load on the system
#   Increase physical memory or swap space
#   Check if swap backing store is full
#   Use 64 bit Java on a 64 bit OS
#   Decrease Java heap size (-Xmx/-Xms)
#   Decrease number of Java threads
#   Decrease Java thread stack sizes (-Xss)
#   Set larger code cache with -XX:ReservedCodeCacheSize=
# This output file may be truncated or incomplete.
#
#  Out of Memory Error (allocation.cpp:390), pid=13832, tid=18312
#
# JRE version: Java(TM) SE Runtime Environment (8.0_45-b14) (build 1.8.0_45-b14)
# Java VM: Java HotSpot(TM) 64-Bit Server VM (25.45-b02 mixed mode windows-amd64 compressed oops)
# Failed to write core dump. Minidumps are not enabled by default on client versions of Windows
#

---------------  T H R E A D  ---------------

Current thread (0x0000000014a1e800):  JavaThread "C2 CompilerThread0" daemon [_thread_in_native, id=18312, stack(0x0000000015f90000,0x0000000016090000)]

Stack: [0x0000000015f90000,0x0000000016090000]
Native frames: (J=compiled Java code, j=interpreted, Vv=VM code, C=native code)
V  [jvm.dll+0x32b57a]
V  [jvm.dll+0x279873]
V  [jvm.dll+0x27a509]
V  [jvm.dll+0x271825]
V  [jvm.dll+0xcb9e2]
V  [jvm.dll+0xcbeac]
V  [jvm.dll+0xcc204]
V  [jvm.dll+0xeada5]
V  [jvm.dll+0x4b09b4]
V  [jvm.dll+0x4bc7d5]
V  [jvm.dll+0x4cb599]
V  [jvm.dll+0x4cbc43]
V  [jvm.dll+0x4cbd1b]
V  [jvm.dll+0x4cbd67]
V  [jvm.dll+0x4b9b23]
V  [jvm.dll+0x46bf81]
V  [jvm.dll+0x46ccbe]
V  [jvm.dll+0x4500f2]
V  [jvm.dll+0xa4352]
V  [jvm.dll+0xa4c8f]
V  [jvm.dll+0x241984]
V  [jvm.dll+0x29853a]
C  [msvcr100.dll+0x21d9f]
C  [msvcr100.dll+0x21e3b]
C  [KERNEL32.DLL+0x8364]
C  [ntdll.dll+0x67091]


Current CompileTask:
C2:   8488  814   !   4       com.android.dx.rop.code.RegisterSpec::intern (70 bytes)


---------------  P R O C E S S  ---------------

Java Threads: ( => current thread )
  0x00000000164e2800 JavaThread "pool-2-thread-1" [_thread_blocked, id=9420, stack(0x0000000016990000,0x0000000016a90000)]
  0x00000000164e1800 JavaThread "pool-1-thread-1" [_thread_in_vm, id=12408, stack(0x0000000016890000,0x0000000016990000)]
  0x0000000016290800 JavaThread "Service Thread" daemon [_thread_blocked, id=9016, stack(0x0000000016690000,0x0000000016790000)]
  0x0000000014a7a800 JavaThread "C1 CompilerThread2" daemon [_thread_blocked, id=11544, stack(0x0000000016190000,0x0000000016290000)]
  0x0000000014a21800 JavaThread "C2 CompilerThread1" daemon [_thread_in_native, id=13280, stack(0x0000000016090000,0x0000000016190000)]
=>0x0000000014a1e800 JavaThread "C2 CompilerThread0" daemon [_thread_in_native, id=18312, stack(0x0000000015f90000,0x0000000016090000)]
  0x0000000014a1c800 JavaThread "Attach Listener" daemon [_thread_blocked, id=880, stack(0x0000000015e90000,0x0000000015f90000)]
  0x0000000014a1b000 JavaThread "Signal Dispatcher" daemon [_thread_blocked, id=13912, stack(0x0000000015d90000,0x0000000015e90000)]
  0x0000000002321000 JavaThread "Finalizer" daemon [_thread_blocked, id=11480, stack(0x0000000015c80000,0x0000000015d80000)]
  0x00000000149e9800 JavaThread "Reference Handler" daemon [_thread_blocked, id=17200, stack(0x0000000015b80000,0x0000000015c80000)]
  0x00000000008ce000 JavaThread "main" [_thread_blocked, id=17176, stack(0x00000000008f0000,0x00000000009f0000)]

Other Threads:
  0x00000000149e7800 VMThread [stack: 0x0000000015a80000,0x0000000015b80000] [id=16844]
  0x0000000016292800 WatcherThread [stack: 0x0000000016790000,0x0000000016890000] [id=13264]

VM state:not at safepoint (normal execution)

VM Mutex/Monitor currently owned by a thread: None

Heap:
 PSYoungGen      total 38400K, used 16012K [0x00000000eab00000, 0x00000000ed580000, 0x0000000100000000)
  eden space 33280K, 48% used [0x00000000eab00000,0x00000000ebaa31f8,0x00000000ecb80000)
  from space 5120K, 0% used [0x00000000ed080000,0x00000000ed080000,0x00000000ed580000)
  to   space 5120K, 0% used [0x00000000ecb80000,0x00000000ecb80000,0x00000000ed080000)
 ParOldGen       total 87552K, used 0K [0x00000000c0000000, 0x00000000c5580000, 0x00000000eab00000)
  object space 87552K, 0% used [0x00000000c0000000,0x00000000c0000000,0x00000000c5580000)
 Metaspace       used 5750K, capacity 6768K, committed 7040K, reserved 1056768K
  class space    used 595K, capacity 616K, committed 640K, reserved 1048576K

Card table byte_map: [0x00000000116f0000,0x0000000011900000] byte_map_base: 0x00000000110f0000

Marking Bits: (ParMarkBitMap*) 0x0000000067854040
 Begin Bits: [0x0000000011e60000, 0x0000000012e60000)
 End Bits:   [0x0000000012e60000, 0x0000000013e60000)

Polling page: 0x00000000008b0000

CodeCache: size=245760Kb used=3453Kb max_used=3453Kb free=242306Kb
 bounds [0x0000000002330000, 0x00000000026a0000, 0x0000000011330000]
 total_blobs=1102 nmethods=831 adapters=184
 compilation: enabled

Compilation events (10 events):
Event: 8.455 Thread 0x0000000014a7a800  816       3       com.android.dx.ssa.SCCP::setLatticeValueTo (67 bytes)
Event: 8.456 Thread 0x0000000014a7a800 nmethod 816 0x000000000267dd90 code [0x000000000267df40, 0x000000000267e4a8]
Event: 8.456 Thread 0x0000000014a7a800  817       3       com.android.dx.ssa.PhiInsn::hasSideEffect (19 bytes)
Event: 8.456 Thread 0x0000000014a7a800 nmethod 817 0x000000000267d610 code [0x000000000267d780, 0x000000000267dbd0]
Event: 8.456 Thread 0x0000000014a7a800  818       3       com.android.dx.ssa.SsaInsn::getLocalAssignment (24 bytes)
Event: 8.457 Thread 0x0000000014a7a800 nmethod 818 0x0000000002682750 code [0x00000000026828c0, 0x0000000002682b50]
Event: 8.457 Thread 0x0000000014a7a800  819       3       com.android.dx.ssa.SsaMethod::getUseListCopy (56 bytes)
Event: 8.458 Thread 0x0000000014a7a800 nmethod 819 0x0000000002682c10 code [0x0000000002682da0, 0x00000000026832b8]
Event: 8.458 Thread 0x0000000014a7a800  820       3       com.android.dx.ssa.SsaMethod::computeReachability (131 bytes)
Event: 8.461 Thread 0x0000000014a7a800 nmethod 820 0x00000000026834d0 code [0x0000000002683880, 0x0000000002685928]

GC Heap History (0 events):
No events

Deoptimization events (1 events):
Event: 8.300 Thread 0x00000000164e1800 Uncommon trap: reason=unstable_if action=reinterpret pc=0x000000000257fcd8 method=java.util.HashMap.getNode(ILjava/lang/Object;)Ljava/util/HashMap$Node; @ 62

Internal exceptions (2 events):
Event: 0.243 Thread 0x00000000008ce000 Exception <a 'java/lang/NoSuchMethodError': Method sun.misc.Unsafe.defineClass(Ljava/lang/String;[BII)Ljava/lang/Class; name or signature does not match> (0x00000000eab0d720) thrown at [C:\re\workspace\8-2-build-windows-amd64-cygwin\jdk8u45\3457\hotspot\srÐdËr%Ï?
Event: 0.243 Thread 0x00000000008ce000 Exception <a 'java/lang/NoSuchMethodError': Method sun.misc.Unsafe.prefetchRead(Ljava/lang/Object;J)V name or signature does not match> (0x00000000eab0d9b0) thrown at [C:\re\workspace\8-2-build-windows-amd64-cygwin\jdk8u45\3457\hotspot\src\share\vm\prims\j

Events (10 events):
Event: 7.839 loading class com/android/dx/dex/file/MethodAnnotationStruct done
Event: 7.841 Executing VM operation: RevokeBias
Event: 7.841 Executing VM operation: RevokeBias done
Event: 7.883 loading class java/util/ArrayList$1
Event: 7.883 loading class java/util/ArrayList$1 done
Event: 8.296 Executing VM operation: RevokeBias
Event: 8.297 Executing VM operation: RevokeBias done
Event: 8.300 Thread 0x00000000164e1800 Uncommon trap: trap_request=0xffffff65 fr.pc=0x000000000257fcd8
Event: 8.300 Thread 0x00000000164e1800 DEOPT PACKING pc=0x000000000257fcd8 sp=0x000000001698e880
Event: 8.300 Thread 0x00000000164e1800 DEOPT UNPACKING pc=0x000000000237582a sp=0x000000001698e808 mode 2


Dynamic libraries:
0x00007ff672410000 - 0x00007ff672447000 	C:\Program Files\Java\jdk1.8.0_45\bin\java.exe
0x00007fffd4df0000 - 0x00007fffd4fc2000 	C:\WINDOWS\SYSTEM32\ntdll.dll
0x00007fffd2620000 - 0x00007fffd26cc000 	C:\WINDOWS\System32\KERNEL32.DLL
0x00007fffd1580000 - 0x00007fffd179d000 	C:\WINDOWS\System32\KERNELBASE.dll
0x00007fffd3830000 - 0x00007fffd38d2000 	C:\WINDOWS\System32\ADVAPI32.dll
0x00007fffd36e0000 - 0x00007fffd377e000 	C:\WINDOWS\System32\msvcrt.dll
0x00007fffd2380000 - 0x00007fffd23d9000 	C:\WINDOWS\System32\sechost.dll
0x00007fffd2dd0000 - 0x00007fffd2ef1000 	C:\WINDOWS\System32\RPCRT4.dll
0x00007fffd32a0000 - 0x00007fffd3405000 	C:\WINDOWS\System32\USER32.dll
0x00007fffd12f0000 - 0x00007fffd130e000 	C:\WINDOWS\System32\win32u.dll
0x00007fffd3790000 - 0x00007fffd37c4000 	C:\WINDOWS\System32\GDI32.dll
0x00007fffd2150000 - 0x00007fffd22d0000 	C:\WINDOWS\System32\gdi32full.dll
0x00007fffc6610000 - 0x00007fffc688a000 	C:\WINDOWS\WinSxS\amd64_microsoft.windows.common-controls_6595b64144ccf1df_6.0.14393.953_none_42151e83c686086b\COMCTL32.dll
0x00007fffd3410000 - 0x00007fffd36d8000 	C:\WINDOWS\System32\combase.dll
0x00007fffd2050000 - 0x00007fffd2145000 	C:\WINDOWS\System32\ucrtbase.dll
0x00007fffd17a0000 - 0x00007fffd180a000 	C:\WINDOWS\System32\bcryptPrimitives.dll
0x00007fffd3060000 - 0x00007fffd308e000 	C:\WINDOWS\System32\IMM32.DLL
0x00000000678e0000 - 0x00000000679b2000 	C:\Program Files\Java\jdk1.8.0_45\jre\bin\msvcr100.dll
0x0000000067050000 - 0x00000000678d3000 	C:\Program Files\Java\jdk1.8.0_45\jre\bin\server\jvm.dll
0x00007fffd3290000 - 0x00007fffd3298000 	C:\WINDOWS\System32\PSAPI.DLL
0x00007fffc2e60000 - 0x00007fffc2e69000 	C:\WINDOWS\SYSTEM32\WSOCK32.dll
0x00007fffd2d50000 - 0x00007fffd2dba000 	C:\WINDOWS\System32\WS2_32.dll
0x00007fffcf6f0000 - 0x00007fffcf713000 	C:\WINDOWS\SYSTEM32\WINMM.dll
0x00007fffc3870000 - 0x00007fffc387a000 	C:\WINDOWS\SYSTEM32\VERSION.dll
0x00007fffcf690000 - 0x00007fffcf6bb000 	C:\WINDOWS\SYSTEM32\WINMMBASE.dll
0x00007fffd22d0000 - 0x00007fffd2312000 	C:\WINDOWS\System32\cfgmgr32.dll
0x0000000067040000 - 0x000000006704f000 	C:\Program Files\Java\jdk1.8.0_45\jre\bin\verify.dll
0x0000000067010000 - 0x0000000067039000 	C:\Program Files\Java\jdk1.8.0_45\jre\bin\java.dll
0x0000000066ff0000 - 0x0000000067006000 	C:\Program Files\Java\jdk1.8.0_45\jre\bin\zip.dll
0x00007fffd38e0000 - 0x00007fffd4de8000 	C:\WINDOWS\System32\SHELL32.dll
0x00007fffd18c0000 - 0x00007fffd1f9a000 	C:\WINDOWS\System32\windows.storage.dll
0x00007fffd1280000 - 0x00007fffd12cc000 	C:\WINDOWS\System32\powrprof.dll
0x00007fffd3090000 - 0x00007fffd30e2000 	C:\WINDOWS\System32\shlwapi.dll
0x00007fffd12d0000 - 0x00007fffd12df000 	C:\WINDOWS\System32\kernel.appcore.dll
0x00007fffd1810000 - 0x00007fffd18b9000 	C:\WINDOWS\System32\shcore.dll
0x00007fffd1260000 - 0x00007fffd1274000 	C:\WINDOWS\System32\profapi.dll
0x00007fffcc850000 - 0x00007fffcc9e2000 	C:\WINDOWS\SYSTEM32\dbghelp.dll

VM Arguments:
jvm_args: -Djava.awt.headless=true -Xmx1024M -Dfile.encoding=windows-1252 -Duser.country=US -Duser.language=en -Duser.variant 
java_command: com.android.dx.command.Main --dex --num-threads=4 --output C:\Users\Thomas\Desktop\projects\SDGE_app2\app\build\intermediates\pre-dexed\debug\com.android.support-animated-vector-drawable-26.0.0-alpha1_acc4417d53ef9f0187116709d01a8fa44f695efa.jar C:\Users\Thomas\Desktop\projects\SDGE_app2\app\build\intermediates\exploded-aar\com.android.support\animated-vector-drawable\26.0.0-alpha1\jars\classes.jar
java_class_path (initial): C:\Users\Thomas\AppData\Local\Android\Sdk\build-tools\26.0.1\lib\dx.jar
Launcher Type: SUN_STANDARD

Environment Variables:
JAVA_HOME=C:\Program Files\Java\jdk1.8.0_111
JRE_HOME=C:\Program Files\Java\jre1.8.0_111
CLASSPATH=C:\Users\Thomas\Desktop\CSE 132B\apache-tomcat-8.5.14\lib\postgresql-42.1.1.jar;C:\Program Files\Java\jdk1.8.0_111\bin;C:\Program Files\Java\jre1.8.0_111\bin;C:\Users\Thomas\Desktop\CSE 132B\apache-tomcat-8.5.14\lib
PATH=C:\Program Files\Docker\Docker\Resources\bin;C:\ProgramData\Oracle\Java\javapath;C:\WINDOWS\system32;C:\WINDOWS;C:\WINDOWS\System32\Wbem;C:\WINDOWS\System32\WindowsPowerShell\v1.0\;C:\Program Files (x86)\Brackets\command;C:\ProgramData\chocolatey\bin;C:\tools\python2;C:\php;C:\Apache24;C:\Apache24\bin;C:\Program Files (x86)\GNU\GnuPG\pub;C:\Program Files\nodejs\;C:\Program Files\Git\cmd;c:\Program Files (x86)\Microsoft SQL Server\110\Tools\Binn\;c:\Program Files\Microsoft SQL Server\110\Tools\Binn\;c:\Program Files\Microsoft SQL Server\110\DTS\Binn\;C:\Program Files\PuTTY\;C:\Users\Thomas\Miniconda3;C:\Users\Thomas\Miniconda3\Scripts;C:\Users\Thomas\Miniconda3\Library\bin;C:\Program Files\Java\jre1.8.0_111\bin\javacpl.exe;C:\Users\Thomas\AppData\Roaming\npm;C:\Program Files (x86)\Brackets;C:\tools\python2;C:\Users\Thomas\AppData\Local\Programs\Thonny\thonny.exe;C:\Program Files\Java\jdk1.8.0_111\bin
USERNAME=Thomas
OS=Windows_NT
PROCESSOR_IDENTIFIER=Intel64 Family 6 Model 69 Stepping 1, GenuineIntel



---------------  S Y S T E M  ---------------

OS: Windows 10.0 , 64 bit Build 14393 (10.0.14393.1198)

CPU:total 4 (2 cores per cpu, 2 threads per core) family 6 model 69 stepping 1, cmov, cx8, fxsr, mmx, sse, sse2, sse3, ssse3, sse4.1, sse4.2, popcnt, avx, avx2, aes, clmul, erms, lzcnt, ht, tsc, tscinvbit, bmi1, bmi2

Memory: 4k page, physical 8291400k(775656k free), swap 15017616k(4104k free)

vm_info: Java HotSpot(TM) 64-Bit Server VM (25.45-b02) for windows-amd64 JRE (1.8.0_45-b14), built on Apr 10 2015 10:34:15 by "java_re" with MS VC++ 10.0 (VS2010)

time: Wed Aug 30 15:47:15 2017
elapsed time: 8 seconds (0d 0h 0m 8s)

