#
# There is insufficient memory for the Java Runtime Environment to continue.
# Native memory allocation (malloc) failed to allocate 1482176 bytes for Chunk::new
# Possible reasons:
#   The system is out of physical RAM or swap space
#   In 32 bit mode, the process size limit was hit
# Possible solutions:
#   Reduce memory load on the system
#   Increase physical memory or swap space
#   Check if swap backing store is full
#   Use 64 bit Java on a 64 bit OS
#   Decrease Java heap size (-Xmx/-Xms)
#   Decrease number of Java threads
#   Decrease Java thread stack sizes (-Xss)
#   Set larger code cache with -XX:ReservedCodeCacheSize=
# This output file may be truncated or incomplete.
#
#  Out of Memory Error (allocation.cpp:390), pid=15160, tid=6244
#
# JRE version: Java(TM) SE Runtime Environment (8.0_45-b14) (build 1.8.0_45-b14)
# Java VM: Java HotSpot(TM) 64-Bit Server VM (25.45-b02 mixed mode windows-amd64 compressed oops)
# Failed to write core dump. Minidumps are not enabled by default on client versions of Windows
#

---------------  T H R E A D  ---------------

Current thread (0x0000000014e7d000):  JavaThread "C2 CompilerThread0" daemon [_thread_in_native, id=6244, stack(0x00000000163e0000,0x00000000164e0000)]

Stack: [0x00000000163e0000,0x00000000164e0000]
Native frames: (J=compiled Java code, j=interpreted, Vv=VM code, C=native code)
V  [jvm.dll+0x32b57a]
V  [jvm.dll+0x279873]
V  [jvm.dll+0x27a509]
V  [jvm.dll+0x271825]
V  [jvm.dll+0xcb9e2]
V  [jvm.dll+0xcbeac]
V  [jvm.dll+0x476ef2]
V  [jvm.dll+0x4b955f]
V  [jvm.dll+0x46b6b5]
V  [jvm.dll+0x46ccbe]
V  [jvm.dll+0x4500f2]
V  [jvm.dll+0xa4352]
V  [jvm.dll+0xa4c8f]
V  [jvm.dll+0x241984]
V  [jvm.dll+0x29853a]
C  [msvcr100.dll+0x21d9f]
C  [msvcr100.dll+0x21e3b]
C  [KERNEL32.DLL+0x8364]
C  [ntdll.dll+0x67091]


Current CompileTask:
C2:   1338 1279   !   4       com.android.dx.cf.code.BytecodeArray::parseInstruction (2764 bytes)


---------------  P R O C E S S  ---------------

Java Threads: ( => current thread )
  0x0000000016895800 JavaThread "pool-1-thread-4" [_thread_in_vm, id=7308, stack(0x00000000170e0000,0x00000000171e0000)]
  0x00000000168bc800 JavaThread "pool-1-thread-3" [_thread_blocked, id=17944, stack(0x0000000016fe0000,0x00000000170e0000)]
  0x00000000168bb800 JavaThread "pool-1-thread-2" [_thread_blocked, id=9420, stack(0x0000000016ee0000,0x0000000016fe0000)]
  0x00000000168ad000 JavaThread "pool-2-thread-1" [_thread_blocked, id=18020, stack(0x0000000016de0000,0x0000000016ee0000)]
  0x00000000168ac000 JavaThread "pool-1-thread-1" [_thread_in_vm, id=18052, stack(0x0000000016ce0000,0x0000000016de0000)]
  0x0000000014edc800 JavaThread "Service Thread" daemon [_thread_blocked, id=13816, stack(0x0000000016ae0000,0x0000000016be0000)]
  0x0000000014ed4800 JavaThread "C1 CompilerThread2" daemon [_thread_in_native, id=10460, stack(0x00000000169e0000,0x0000000016ae0000)]
  0x0000000014e80000 JavaThread "C2 CompilerThread1" daemon [_thread_in_native, id=2148, stack(0x00000000164e0000,0x00000000165e0000)]
=>0x0000000014e7d000 JavaThread "C2 CompilerThread0" daemon [_thread_in_native, id=6244, stack(0x00000000163e0000,0x00000000164e0000)]
  0x0000000014e7b000 JavaThread "Attach Listener" daemon [_thread_blocked, id=12408, stack(0x00000000162e0000,0x00000000163e0000)]
  0x0000000014e7a000 JavaThread "Signal Dispatcher" daemon [_thread_blocked, id=12680, stack(0x00000000161e0000,0x00000000162e0000)]
  0x00000000027a0800 JavaThread "Finalizer" daemon [_thread_blocked, id=13708, stack(0x00000000160e0000,0x00000000161e0000)]
  0x000000000279d000 JavaThread "Reference Handler" daemon [_thread_blocked, id=10276, stack(0x0000000015fe0000,0x00000000160e0000)]
  0x000000000264e000 JavaThread "main" [_thread_blocked, id=9248, stack(0x00000000024b0000,0x00000000025b0000)]

Other Threads:
  0x0000000014e48000 VMThread [stack: 0x0000000015ee0000,0x0000000015fe0000] [id=1984]
  0x00000000165f1000 WatcherThread [stack: 0x0000000016be0000,0x0000000016ce0000] [id=7332]

VM state:not at safepoint (normal execution)

VM Mutex/Monitor currently owned by a thread: None

Heap:
 PSYoungGen      total 38400K, used 8125K [0x00000000eab00000, 0x00000000ed580000, 0x0000000100000000)
  eden space 33280K, 9% used [0x00000000eab00000,0x00000000eadf6b88,0x00000000ecb80000)
  from space 5120K, 99% used [0x00000000ecb80000,0x00000000ed078b68,0x00000000ed080000)
  to   space 5120K, 0% used [0x00000000ed080000,0x00000000ed080000,0x00000000ed580000)
 ParOldGen       total 87552K, used 1253K [0x00000000c0000000, 0x00000000c5580000, 0x00000000eab00000)
  object space 87552K, 1% used [0x00000000c0000000,0x00000000c01396b0,0x00000000c5580000)
 Metaspace       used 6108K, capacity 7024K, committed 7296K, reserved 1056768K
  class space    used 594K, capacity 616K, committed 640K, reserved 1048576K

Card table byte_map: [0x0000000011b70000,0x0000000011d80000] byte_map_base: 0x0000000011570000

Marking Bits: (ParMarkBitMap*) 0x00000000675e4040
 Begin Bits: [0x00000000122e0000, 0x00000000132e0000)
 End Bits:   [0x00000000132e0000, 0x00000000142e0000)

Polling page: 0x0000000000a30000

CodeCache: size=245760Kb used=5130Kb max_used=5130Kb free=240629Kb
 bounds [0x00000000027b0000, 0x0000000002cc0000, 0x00000000117b0000]
 total_blobs=1592 nmethods=1320 adapters=185
 compilation: enabled

Compilation events (10 events):
Event: 1.315 Thread 0x0000000014ed4800 nmethod 1305 0x0000000002ca3310 code [0x0000000002ca34c0, 0x0000000002ca3998]
Event: 1.315 Thread 0x0000000014ed4800 1306       3       com.android.dx.ssa.PhiTypeResolver::run (179 bytes)
Event: 1.316 Thread 0x0000000014ed4800 nmethod 1306 0x0000000002ca3bd0 code [0x0000000002ca3e60, 0x0000000002ca5008]
Event: 1.320 Thread 0x0000000014ed4800 1308       3       sun.misc.SharedSecrets::getJavaLangAccess (4 bytes)
Event: 1.320 Thread 0x0000000014ed4800 nmethod 1308 0x0000000002ca5810 code [0x0000000002ca5960, 0x0000000002ca5a90]
Event: 1.320 Thread 0x0000000014ed4800 1309       3       com.android.dx.ssa.SsaConverter::convertToSsaMethod (41 bytes)
Event: 1.321 Thread 0x0000000014ed4800 nmethod 1309 0x0000000002ca5b10 code [0x0000000002ca5d60, 0x0000000002ca6908]
Event: 1.322 Thread 0x0000000014ed4800 1310       3       java.util.RegularEnumSet::remove (74 bytes)
Event: 1.322 Thread 0x0000000014ed4800 nmethod 1310 0x0000000002ca6f10 code [0x0000000002ca70a0, 0x0000000002ca7648]
Event: 1.322 Thread 0x0000000014ed4800 1311       3       java.util.Arrays$LegacyMergeSort::access$000 (4 bytes)

GC Heap History (2 events):
Event: 1.242 GC heap before
{Heap before GC invocations=1 (full 0):
 PSYoungGen      total 38400K, used 33280K [0x00000000eab00000, 0x00000000ed580000, 0x0000000100000000)
  eden space 33280K, 100% used [0x00000000eab00000,0x00000000ecb80000,0x00000000ecb80000)
  from space 5120K, 0% used [0x00000000ed080000,0x00000000ed080000,0x00000000ed580000)
  to   space 5120K, 0% used [0x00000000ecb80000,0x00000000ecb80000,0x00000000ed080000)
 ParOldGen       total 87552K, used 0K [0x00000000c0000000, 0x00000000c5580000, 0x00000000eab00000)
  object space 87552K, 0% used [0x00000000c0000000,0x00000000c0000000,0x00000000c5580000)
 Metaspace       used 6019K, capacity 6960K, committed 7040K, reserved 1056768K
  class space    used 594K, capacity 616K, committed 640K, reserved 1048576K
Event: 1.269 GC heap after
Heap after GC invocations=1 (full 0):
 PSYoungGen      total 38400K, used 5090K [0x00000000eab00000, 0x00000000ed580000, 0x0000000100000000)
  eden space 33280K, 0% used [0x00000000eab00000,0x00000000eab00000,0x00000000ecb80000)
  from space 5120K, 99% used [0x00000000ecb80000,0x00000000ed078b68,0x00000000ed080000)
  to   space 5120K, 0% used [0x00000000ed080000,0x00000000ed080000,0x00000000ed580000)
 ParOldGen       total 87552K, used 1253K [0x00000000c0000000, 0x00000000c5580000, 0x00000000eab00000)
  object space 87552K, 1% used [0x00000000c0000000,0x00000000c01396b0,0x00000000c5580000)
 Metaspace       used 6019K, capacity 6960K, committed 7040K, reserved 1056768K
  class space    used 594K, capacity 616K, committed 640K, reserved 1048576K
}

Deoptimization events (8 events):
Event: 0.775 Thread 0x00000000168ac000 Uncommon trap: reason=unstable_if action=reinterpret pc=0x00000000029f69f0 method=java.util.BitSet.nextSetBit(I)I @ 87
Event: 0.777 Thread 0x00000000168ac000 Uncommon trap: reason=unstable_if action=reinterpret pc=0x00000000029f4e4c method=java.util.HashMap.getNode(ILjava/lang/Object;)Ljava/util/HashMap$Node; @ 129
Event: 0.905 Thread 0x0000000016895800 Uncommon trap: reason=bimorphic action=maybe_recompile pc=0x0000000002a094f8 method=java.util.HashMap.getNode(ILjava/lang/Object;)Ljava/util/HashMap$Node; @ 126
Event: 1.281 Thread 0x0000000016895800 Uncommon trap: reason=null_check action=make_not_entrant pc=0x0000000002a6fc24 method=com.android.dx.rop.type.Type.equals(Ljava/lang/Object;)Z @ 8
Event: 1.285 Thread 0x0000000016895800 Uncommon trap: reason=bimorphic action=maybe_recompile pc=0x0000000002a094f8 method=java.util.HashMap.getNode(ILjava/lang/Object;)Ljava/util/HashMap$Node; @ 126
Event: 1.285 Thread 0x0000000016895800 Uncommon trap: reason=bimorphic action=maybe_recompile pc=0x0000000002a094f8 method=java.util.HashMap.getNode(ILjava/lang/Object;)Ljava/util/HashMap$Node; @ 126
Event: 1.285 Thread 0x0000000016895800 Uncommon trap: reason=bimorphic action=maybe_recompile pc=0x0000000002a094f8 method=java.util.HashMap.getNode(ILjava/lang/Object;)Ljava/util/HashMap$Node; @ 126
Event: 1.285 Thread 0x0000000016895800 Uncommon trap: reason=bimorphic action=maybe_recompile pc=0x0000000002a7efc0 method=java.util.HashMap.getNode(ILjava/lang/Object;)Ljava/util/HashMap$Node; @ 126

Internal exceptions (3 events):
Event: 0.075 Thread 0x000000000264e000 Exception <a 'java/lang/NoSuchMethodError': Method sun.misc.Unsafe.defineClass(Ljava/lang/String;[BII)Ljava/lang/Class; name or signature does not match> (0x00000000eab0d6f8) thrown at [C:\re\workspace\8-2-build-windows-amd64-cygwin\jdk8u45\3457\hotspot\sræZŒé9³?
Event: 0.075 Thread 0x000000000264e000 Exception <a 'java/lang/NoSuchMethodError': Method sun.misc.Unsafe.prefetchRead(Ljava/lang/Object;J)V name or signature does not match> (0x00000000eab0d988) thrown at [C:\re\workspace\8-2-build-windows-amd64-cygwin\jdk8u45\3457\hotspot\src\share\vm\prims\jmá!\ô?
Event: 1.281 Thread 0x0000000016895800 Implicit null exception at 0x0000000002a6fb22 to 0x0000000002a6fc15

Events (10 events):
Event: 1.285 Thread 0x0000000016895800 DEOPT UNPACKING pc=0x00000000027f582a sp=0x00000000171deac8 mode 2
Event: 1.285 Thread 0x0000000016895800 Uncommon trap: trap_request=0xffffffc6 fr.pc=0x0000000002a094f8
Event: 1.285 Thread 0x0000000016895800 DEOPT PACKING pc=0x0000000002a094f8 sp=0x00000000171deba0
Event: 1.285 Thread 0x0000000016895800 DEOPT UNPACKING pc=0x00000000027f582a sp=0x00000000171deac8 mode 2
Event: 1.285 Thread 0x0000000016895800 Uncommon trap: trap_request=0xffffffc6 fr.pc=0x0000000002a094f8
Event: 1.285 Thread 0x0000000016895800 DEOPT PACKING pc=0x0000000002a094f8 sp=0x00000000171deba0
Event: 1.285 Thread 0x0000000016895800 DEOPT UNPACKING pc=0x00000000027f582a sp=0x00000000171deac8 mode 2
Event: 1.285 Thread 0x0000000016895800 Uncommon trap: trap_request=0xffffffc6 fr.pc=0x0000000002a7efc0
Event: 1.285 Thread 0x0000000016895800 DEOPT PACKING pc=0x0000000002a7efc0 sp=0x00000000171de7f0
Event: 1.285 Thread 0x0000000016895800 DEOPT UNPACKING pc=0x00000000027f582a sp=0x00000000171de788 mode 2


Dynamic libraries:
0x00007ff672410000 - 0x00007ff672447000 	C:\Program Files\Java\jdk1.8.0_45\bin\java.exe
0x00007fffd4df0000 - 0x00007fffd4fc2000 	C:\WINDOWS\SYSTEM32\ntdll.dll
0x00007fffd2620000 - 0x00007fffd26cc000 	C:\WINDOWS\System32\KERNEL32.DLL
0x00007fffd1580000 - 0x00007fffd179d000 	C:\WINDOWS\System32\KERNELBASE.dll
0x00007fffd3830000 - 0x00007fffd38d2000 	C:\WINDOWS\System32\ADVAPI32.dll
0x00007fffd36e0000 - 0x00007fffd377e000 	C:\WINDOWS\System32\msvcrt.dll
0x00007fffd2380000 - 0x00007fffd23d9000 	C:\WINDOWS\System32\sechost.dll
0x00007fffd2dd0000 - 0x00007fffd2ef1000 	C:\WINDOWS\System32\RPCRT4.dll
0x00007fffd32a0000 - 0x00007fffd3405000 	C:\WINDOWS\System32\USER32.dll
0x00007fffd12f0000 - 0x00007fffd130e000 	C:\WINDOWS\System32\win32u.dll
0x00007fffd3790000 - 0x00007fffd37c4000 	C:\WINDOWS\System32\GDI32.dll
0x00007fffd2150000 - 0x00007fffd22d0000 	C:\WINDOWS\System32\gdi32full.dll
0x00007fffc6610000 - 0x00007fffc688a000 	C:\WINDOWS\WinSxS\amd64_microsoft.windows.common-controls_6595b64144ccf1df_6.0.14393.953_none_42151e83c686086b\COMCTL32.dll
0x00007fffd3410000 - 0x00007fffd36d8000 	C:\WINDOWS\System32\combase.dll
0x00007fffd2050000 - 0x00007fffd2145000 	C:\WINDOWS\System32\ucrtbase.dll
0x00007fffd17a0000 - 0x00007fffd180a000 	C:\WINDOWS\System32\bcryptPrimitives.dll
0x00007fffd3060000 - 0x00007fffd308e000 	C:\WINDOWS\System32\IMM32.DLL
0x0000000068240000 - 0x0000000068312000 	C:\Program Files\Java\jdk1.8.0_45\jre\bin\msvcr100.dll
0x0000000066de0000 - 0x0000000067663000 	C:\Program Files\Java\jdk1.8.0_45\jre\bin\server\jvm.dll
0x00007fffd3290000 - 0x00007fffd3298000 	C:\WINDOWS\System32\PSAPI.DLL
0x00007fffc2e60000 - 0x00007fffc2e69000 	C:\WINDOWS\SYSTEM32\WSOCK32.dll
0x00007fffd2d50000 - 0x00007fffd2dba000 	C:\WINDOWS\System32\WS2_32.dll
0x00007fffcf6f0000 - 0x00007fffcf713000 	C:\WINDOWS\SYSTEM32\WINMM.dll
0x00007fffc3870000 - 0x00007fffc387a000 	C:\WINDOWS\SYSTEM32\VERSION.dll
0x00007fffcf690000 - 0x00007fffcf6bb000 	C:\WINDOWS\SYSTEM32\WINMMBASE.dll
0x00007fffd22d0000 - 0x00007fffd2312000 	C:\WINDOWS\System32\cfgmgr32.dll
0x0000000068230000 - 0x000000006823f000 	C:\Program Files\Java\jdk1.8.0_45\jre\bin\verify.dll
0x0000000068200000 - 0x0000000068229000 	C:\Program Files\Java\jdk1.8.0_45\jre\bin\java.dll
0x00000000681e0000 - 0x00000000681f6000 	C:\Program Files\Java\jdk1.8.0_45\jre\bin\zip.dll
0x00007fffd38e0000 - 0x00007fffd4de8000 	C:\WINDOWS\System32\SHELL32.dll
0x00007fffd18c0000 - 0x00007fffd1f9a000 	C:\WINDOWS\System32\windows.storage.dll
0x00007fffd1280000 - 0x00007fffd12cc000 	C:\WINDOWS\System32\powrprof.dll
0x00007fffd3090000 - 0x00007fffd30e2000 	C:\WINDOWS\System32\shlwapi.dll
0x00007fffd12d0000 - 0x00007fffd12df000 	C:\WINDOWS\System32\kernel.appcore.dll
0x00007fffd1810000 - 0x00007fffd18b9000 	C:\WINDOWS\System32\shcore.dll
0x00007fffd1260000 - 0x00007fffd1274000 	C:\WINDOWS\System32\profapi.dll
0x00007fffcc850000 - 0x00007fffcc9e2000 	C:\WINDOWS\SYSTEM32\dbghelp.dll

VM Arguments:
jvm_args: -Djava.awt.headless=true -Xmx1024M -Dfile.encoding=windows-1252 -Duser.country=US -Duser.language=en -Duser.variant 
java_command: com.android.dx.command.Main --dex --num-threads=4 --output C:\Users\Thomas\Desktop\projects\SDGE_app2\app\build\intermediates\pre-dexed\debug\com.google.android.gms-play-services-cast-11.0.4_1960c446c1066e799395bee44c6ecdee7ccd218a.jar C:\Users\Thomas\Desktop\projects\SDGE_app2\app\build\intermediates\exploded-aar\com.google.android.gms\play-services-cast\11.0.4\jars\classes.jar
java_class_path (initial): C:\Users\Thomas\AppData\Local\Android\Sdk\build-tools\26.0.1\lib\dx.jar
Launcher Type: SUN_STANDARD

Environment Variables:
JAVA_HOME=C:\Program Files\Java\jdk1.8.0_111
JRE_HOME=C:\Program Files\Java\jre1.8.0_111
CLASSPATH=C:\Users\Thomas\Desktop\CSE 132B\apache-tomcat-8.5.14\lib\postgresql-42.1.1.jar;C:\Program Files\Java\jdk1.8.0_111\bin;C:\Program Files\Java\jre1.8.0_111\bin;C:\Users\Thomas\Desktop\CSE 132B\apache-tomcat-8.5.14\lib
PATH=C:\Program Files\Docker\Docker\Resources\bin;C:\ProgramData\Oracle\Java\javapath;C:\WINDOWS\system32;C:\WINDOWS;C:\WINDOWS\System32\Wbem;C:\WINDOWS\System32\WindowsPowerShell\v1.0\;C:\Program Files (x86)\Brackets\command;C:\ProgramData\chocolatey\bin;C:\tools\python2;C:\php;C:\Apache24;C:\Apache24\bin;C:\Program Files (x86)\GNU\GnuPG\pub;C:\Program Files\nodejs\;C:\Program Files\Git\cmd;c:\Program Files (x86)\Microsoft SQL Server\110\Tools\Binn\;c:\Program Files\Microsoft SQL Server\110\Tools\Binn\;c:\Program Files\Microsoft SQL Server\110\DTS\Binn\;C:\Program Files\PuTTY\;C:\Users\Thomas\Miniconda3;C:\Users\Thomas\Miniconda3\Scripts;C:\Users\Thomas\Miniconda3\Library\bin;C:\Program Files\Java\jre1.8.0_111\bin\javacpl.exe;C:\Users\Thomas\AppData\Roaming\npm;C:\Program Files (x86)\Brackets;C:\tools\python2;C:\Users\Thomas\AppData\Local\Programs\Thonny\thonny.exe;C:\Program Files\Java\jdk1.8.0_111\bin
USERNAME=Thomas
OS=Windows_NT
PROCESSOR_IDENTIFIER=Intel64 Family 6 Model 69 Stepping 1, GenuineIntel



---------------  S Y S T E M  ---------------

OS: Windows 10.0 , 64 bit Build 14393 (10.0.14393.1198)

CPU:total 4 (2 cores per cpu, 2 threads per core) family 6 model 69 stepping 1, cmov, cx8, fxsr, mmx, sse, sse2, sse3, ssse3, sse4.1, sse4.2, popcnt, avx, avx2, aes, clmul, erms, lzcnt, ht, tsc, tscinvbit, bmi1, bmi2

Memory: 4k page, physical 8291400k(1061076k free), swap 15017616k(3112k free)

vm_info: Java HotSpot(TM) 64-Bit Server VM (25.45-b02) for windows-amd64 JRE (1.8.0_45-b14), built on Apr 10 2015 10:34:15 by "java_re" with MS VC++ 10.0 (VS2010)

time: Wed Aug 30 15:40:14 2017
elapsed time: 1 seconds (0d 0h 0m 1s)

